2019-11-28 21:06:23,210 - INFO - Starting process
2019-11-28 21:06:23,232 - INFO - 'kepler_to_cartesian' was executed in 0.001453 seconds
2019-11-28 21:06:23,232 - INFO - 'kepler_to_cartesian' was executed in 0.001325 seconds
2019-11-28 21:06:23,233 - INFO - 'kepler_to_cartesian' was executed in 0.000164 seconds
2019-11-28 21:06:23,233 - INFO - 'kepler_to_cartesian' was executed in 0.000159 seconds
2019-11-28 21:06:23,233 - INFO - 'kepler_to_cartesian' was executed in 0.000140 seconds
2019-11-28 21:06:23,233 - INFO - 'kepler_to_cartesian' was executed in 0.000143 seconds
2019-11-28 21:06:23,233 - INFO - 'kepler_to_cartesian' was executed in 0.000509 seconds
2019-11-28 21:06:23,233 - INFO - 'kepler_to_cartesian' was executed in 0.000132 seconds
2019-11-28 21:06:23,233 - INFO - 'kepler_to_cartesian' was executed in 0.000133 seconds
2019-11-28 21:06:23,233 - INFO - 'kepler_to_cartesian' was executed in 0.000130 seconds
2019-11-28 21:06:23,233 - INFO - 'kepler_to_cartesian' was executed in 0.000132 seconds
2019-11-28 21:06:23,233 - INFO - 'kepler_to_cartesian' was executed in 0.000233 seconds
2019-11-28 21:06:23,233 - INFO - 'kepler_to_cartesian' was executed in 0.000506 seconds
2019-11-28 21:06:23,233 - INFO - 'kepler_to_cartesian' was executed in 0.000485 seconds
2019-11-28 21:06:23,233 - INFO - 'kepler_to_cartesian' was executed in 0.000465 seconds
2019-11-28 21:06:23,234 - INFO - 'kepler_to_cartesian' was executed in 0.000232 seconds
2019-11-28 21:06:23,234 - INFO - 'kepler_to_cartesian' was executed in 0.000225 seconds
2019-11-28 21:06:23,234 - INFO - 'kepler_to_cartesian' was executed in 0.000243 seconds
2019-11-28 21:06:23,234 - INFO - 'kepler_to_cartesian' was executed in 0.000227 seconds
2019-11-28 21:06:23,234 - INFO - 'kepler_to_cartesian' was executed in 0.000218 seconds
2019-11-28 21:06:23,234 - INFO - 'kepler_to_cartesian' was executed in 0.000227 seconds
2019-11-28 21:06:23,234 - INFO - 'kepler_to_cartesian' was executed in 0.000257 seconds
2019-11-28 21:06:23,234 - INFO - 'kepler_to_cartesian' was executed in 0.000221 seconds
2019-11-28 21:06:23,234 - INFO - 'kepler_to_cartesian' was executed in 0.000224 seconds
2019-11-28 21:06:23,234 - INFO - 'kepler_to_cartesian' was executed in 0.000222 seconds
2019-11-28 21:06:23,234 - INFO - 'kepler_to_cartesian' was executed in 0.000237 seconds
2019-11-28 21:06:23,234 - INFO - 'kepler_to_cartesian' was executed in 0.000210 seconds
2019-11-28 21:06:23,235 - INFO - 'kepler_to_cartesian' was executed in 0.000207 seconds
2019-11-28 21:06:23,235 - INFO - 'kepler_to_cartesian' was executed in 0.000225 seconds
2019-11-28 21:06:23,235 - INFO - 'kepler_to_cartesian' was executed in 0.000225 seconds
2019-11-28 21:06:23,240 - INFO - 'run_parallel_simulation' was executed in 0.029250 seconds
2019-11-28 21:08:32,850 - INFO - Starting process
2019-11-28 21:08:43,166 - INFO - 'kepler_to_cartesian' was executed in 0.002358 seconds
2019-11-28 21:08:43,168 - INFO - 'kepler_to_cartesian' was executed in 0.000674 seconds
2019-11-28 21:08:43,169 - INFO - 'kepler_to_cartesian' was executed in 0.000674 seconds
2019-11-28 21:08:43,170 - INFO - 'kepler_to_cartesian' was executed in 0.000730 seconds
2019-11-28 21:08:43,172 - INFO - 'kepler_to_cartesian' was executed in 0.000703 seconds
2019-11-28 21:11:09,957 - INFO - Starting synchronous process
2019-11-28 21:11:09,960 - INFO - 'kepler_to_cartesian' was executed in 0.000292 seconds
2019-11-28 21:11:09,960 - INFO - 'kepler_to_cartesian' was executed in 0.000145 seconds
2019-11-28 21:11:09,960 - INFO - 'kepler_to_cartesian' was executed in 0.000116 seconds
2019-11-28 21:11:09,960 - INFO - 'kepler_to_cartesian' was executed in 0.000114 seconds
2019-11-28 21:11:09,960 - INFO - 'kepler_to_cartesian' was executed in 0.000116 seconds
2019-11-28 21:11:32,324 - INFO - Starting synchronous process
2019-11-28 21:11:58,088 - INFO - 'kepler_to_cartesian' was executed in 0.001016 seconds
2019-11-28 21:11:58,089 - INFO - 'kepler_to_cartesian' was executed in 0.000624 seconds
2019-11-28 21:11:58,090 - INFO - 'kepler_to_cartesian' was executed in 0.000370 seconds
2019-11-28 21:11:58,090 - INFO - 'kepler_to_cartesian' was executed in 0.000367 seconds
2019-11-28 21:11:58,091 - INFO - 'kepler_to_cartesian' was executed in 0.000454 seconds
2019-11-28 21:12:36,976 - INFO - Starting process
2019-11-28 21:12:37,009 - INFO - 'kepler_to_cartesian' was executed in 0.000721 seconds
2019-11-28 21:12:37,010 - INFO - 'kepler_to_cartesian' was executed in 0.000319 seconds
2019-11-28 21:12:37,010 - INFO - 'kepler_to_cartesian' was executed in 0.000416 seconds
2019-11-28 21:12:37,010 - INFO - 'kepler_to_cartesian' was executed in 0.000798 seconds
2019-11-28 21:12:37,010 - INFO - 'kepler_to_cartesian' was executed in 0.000703 seconds
2019-11-28 21:12:37,010 - INFO - 'kepler_to_cartesian' was executed in 0.000667 seconds
2019-11-28 21:12:37,011 - INFO - 'kepler_to_cartesian' was executed in 0.000415 seconds
2019-11-28 21:12:37,011 - INFO - 'kepler_to_cartesian' was executed in 0.000366 seconds
2019-11-28 21:12:37,011 - INFO - 'kepler_to_cartesian' was executed in 0.000409 seconds
2019-11-28 21:12:37,011 - INFO - 'kepler_to_cartesian' was executed in 0.000315 seconds
2019-11-28 21:12:37,011 - INFO - 'kepler_to_cartesian' was executed in 0.000271 seconds
2019-11-28 21:12:37,011 - INFO - 'kepler_to_cartesian' was executed in 0.002914 seconds
2019-11-28 21:12:37,011 - INFO - 'kepler_to_cartesian' was executed in 0.000272 seconds
2019-11-28 21:12:37,011 - INFO - 'kepler_to_cartesian' was executed in 0.000272 seconds
2019-11-28 21:12:37,012 - INFO - 'kepler_to_cartesian' was executed in 0.000268 seconds
2019-11-28 21:12:37,012 - INFO - 'kepler_to_cartesian' was executed in 0.000685 seconds
2019-11-28 21:12:37,012 - INFO - 'kepler_to_cartesian' was executed in 0.000286 seconds
2019-11-28 21:12:37,012 - INFO - 'kepler_to_cartesian' was executed in 0.000257 seconds
2019-11-28 21:12:37,012 - INFO - 'kepler_to_cartesian' was executed in 0.000257 seconds
2019-11-28 21:12:37,012 - INFO - Simulation with 6 bodies. Time span = 224.70 days. Alpha = -60.00 degrees
2019-11-28 21:12:37,012 - INFO - 'kepler_to_cartesian' was executed in 0.000262 seconds
2019-11-28 21:12:37,012 - INFO - 'kepler_to_cartesian' was executed in 0.000273 seconds
2019-11-28 21:12:37,012 - INFO - 'kepler_to_cartesian' was executed in 0.000259 seconds
2019-11-28 21:12:37,012 - INFO - 'kepler_to_cartesian' was executed in 0.000259 seconds
2019-11-28 21:12:37,012 - INFO - 'kepler_to_cartesian' was executed in 0.000251 seconds
2019-11-28 21:12:37,013 - INFO - 'kepler_to_cartesian' was executed in 0.000264 seconds
2019-11-28 21:12:37,013 - INFO - 'kepler_to_cartesian' was executed in 0.000652 seconds
2019-11-28 21:12:37,013 - INFO - 'kepler_to_cartesian' was executed in 0.000652 seconds
2019-11-28 21:12:37,013 - INFO - 'kepler_to_cartesian' was executed in 0.000701 seconds
2019-11-28 21:12:37,013 - INFO - Simulation with 6 bodies. Time span = 224.70 days. Alpha = 30.00 degrees
2019-11-28 21:12:37,013 - INFO - Simulation with 6 bodies. Time span = 224.70 days. Alpha = 0.00 degrees
2019-11-28 21:12:37,013 - INFO - Simulation with 6 bodies. Time span = 224.70 days. Alpha = 60.00 degrees
2019-11-28 21:12:37,013 - INFO - 'kepler_to_cartesian' was executed in 0.000253 seconds
2019-11-28 21:12:37,013 - INFO - 'kepler_to_cartesian' was executed in 0.000589 seconds
2019-11-28 21:12:37,013 - INFO - 'kepler_to_cartesian' was executed in 0.000538 seconds
2019-11-28 21:12:37,013 - INFO - 'kepler_to_cartesian' was executed in 0.000628 seconds
2019-11-28 21:12:37,013 - INFO - Simulation with 6 bodies. Time span = 224.70 days. Alpha = -90.00 degrees
2019-11-28 21:12:37,013 - INFO - 'kepler_to_cartesian' was executed in 0.000271 seconds
2019-11-28 21:12:37,014 - INFO - 'kepler_to_cartesian' was executed in 0.000276 seconds
2019-11-28 21:12:37,014 - INFO - 'kepler_to_cartesian' was executed in 0.000255 seconds
2019-11-28 21:12:37,014 - INFO - 'kepler_to_cartesian' was executed in 0.000260 seconds
2019-11-28 21:12:37,014 - INFO - 'kepler_to_cartesian' was executed in 0.000249 seconds
2019-11-28 21:12:37,014 - INFO - 'kepler_to_cartesian' was executed in 0.000245 seconds
2019-11-28 21:12:37,015 - INFO - 'kepler_to_cartesian' was executed in 0.000244 seconds
2019-11-28 21:12:37,015 - INFO - 'kepler_to_cartesian' was executed in 0.000238 seconds
2019-11-28 21:12:37,015 - INFO - 'kepler_to_cartesian' was executed in 0.000608 seconds
2019-11-28 21:12:37,015 - INFO - 'kepler_to_cartesian' was executed in 0.000612 seconds
2019-11-28 21:12:37,015 - INFO - Simulation with 6 bodies. Time span = 224.70 days. Alpha = 90.00 degrees
2019-11-28 21:12:37,015 - INFO - Simulation with 6 bodies. Time span = 224.70 days. Alpha = -30.00 degrees
2019-11-28 21:12:41,404 - INFO - 'solve' was executed in 4.391233 seconds
2019-11-28 21:12:41,427 - INFO - 'write_on_file' was executed in 0.022889 seconds
2019-11-28 21:12:43,430 - INFO - 'solve' was executed in 6.415973 seconds
2019-11-28 21:12:43,451 - INFO - 'write_on_file' was executed in 0.020567 seconds
2019-11-28 21:12:43,475 - INFO - 'solve' was executed in 6.459294 seconds
2019-11-28 21:12:43,497 - INFO - 'write_on_file' was executed in 0.021772 seconds
2019-11-28 21:12:44,464 - INFO - 'solve' was executed in 7.451601 seconds
2019-11-28 21:12:44,471 - INFO - 'solve' was executed in 7.458313 seconds
2019-11-28 21:12:44,485 - INFO - 'write_on_file' was executed in 0.021224 seconds
2019-11-28 21:12:44,487 - INFO - 'solve' was executed in 7.474029 seconds
2019-11-28 21:12:44,488 - INFO - 'solve' was executed in 7.473096 seconds
2019-11-28 21:12:44,493 - INFO - 'write_on_file' was executed in 0.021473 seconds
2019-11-28 21:12:44,509 - INFO - 'write_on_file' was executed in 0.021518 seconds
2019-11-28 21:12:44,510 - INFO - 'write_on_file' was executed in 0.021612 seconds
2019-11-28 21:12:44,515 - INFO - 'run_parallel_simulation' was executed in 7.539013 seconds
2019-11-28 21:13:02,656 - INFO - Starting process
2019-11-28 21:13:02,675 - INFO - 'kepler_to_cartesian' was executed in 0.000445 seconds
2019-11-28 21:13:02,675 - INFO - 'kepler_to_cartesian' was executed in 0.000164 seconds
2019-11-28 21:13:02,675 - INFO - 'kepler_to_cartesian' was executed in 0.000128 seconds
2019-11-28 21:13:02,675 - INFO - 'kepler_to_cartesian' was executed in 0.000120 seconds
2019-11-28 21:13:02,676 - INFO - 'kepler_to_cartesian' was executed in 0.000120 seconds
2019-11-28 21:13:02,676 - INFO - 'kepler_to_cartesian' was executed in 0.000521 seconds
2019-11-28 21:13:02,676 - INFO - 'kepler_to_cartesian' was executed in 0.000541 seconds
2019-11-28 21:13:02,676 - INFO - 'kepler_to_cartesian' was executed in 0.000340 seconds
2019-11-28 21:13:02,676 - INFO - Simulation with 6 bodies. Time span = 224.70 days. Alpha = 0.00 degrees
2019-11-28 21:13:02,676 - INFO - 'kepler_to_cartesian' was executed in 0.000499 seconds
2019-11-28 21:13:02,676 - INFO - 'kepler_to_cartesian' was executed in 0.000516 seconds
2019-11-28 21:13:02,676 - INFO - 'kepler_to_cartesian' was executed in 0.000486 seconds
2019-11-28 21:13:02,676 - INFO - 'kepler_to_cartesian' was executed in 0.000211 seconds
2019-11-28 21:13:02,676 - INFO - 'kepler_to_cartesian' was executed in 0.000219 seconds
2019-11-28 21:13:02,676 - INFO - 'kepler_to_cartesian' was executed in 0.000207 seconds
2019-11-28 21:13:02,676 - INFO - 'kepler_to_cartesian' was executed in 0.000217 seconds
2019-11-28 21:13:02,676 - INFO - 'kepler_to_cartesian' was executed in 0.000522 seconds
2019-11-28 21:13:02,676 - INFO - 'kepler_to_cartesian' was executed in 0.000199 seconds
2019-11-28 21:13:02,676 - INFO - 'kepler_to_cartesian' was executed in 0.000200 seconds
2019-11-28 21:13:02,677 - INFO - 'kepler_to_cartesian' was executed in 0.000198 seconds
2019-11-28 21:13:02,677 - INFO - 'kepler_to_cartesian' was executed in 0.000196 seconds
2019-11-28 21:13:02,677 - INFO - 'kepler_to_cartesian' was executed in 0.000197 seconds
2019-11-28 21:13:02,677 - INFO - 'kepler_to_cartesian' was executed in 0.000211 seconds
2019-11-28 21:13:02,677 - INFO - 'kepler_to_cartesian' was executed in 0.000190 seconds
2019-11-28 21:13:02,677 - INFO - 'kepler_to_cartesian' was executed in 0.000189 seconds
2019-11-28 21:13:02,677 - INFO - 'kepler_to_cartesian' was executed in 0.000189 seconds
2019-11-28 21:13:02,677 - INFO - 'kepler_to_cartesian' was executed in 0.000188 seconds
2019-11-28 21:13:02,677 - INFO - 'kepler_to_cartesian' was executed in 0.000187 seconds
2019-11-28 21:13:02,677 - INFO - 'kepler_to_cartesian' was executed in 0.000191 seconds
2019-11-28 21:13:02,677 - INFO - 'kepler_to_cartesian' was executed in 0.000184 seconds
2019-11-28 21:13:02,677 - INFO - 'kepler_to_cartesian' was executed in 0.000186 seconds
2019-11-28 21:13:02,677 - INFO - 'kepler_to_cartesian' was executed in 0.000192 seconds
2019-11-28 21:13:02,677 - INFO - 'kepler_to_cartesian' was executed in 0.000185 seconds
2019-11-28 21:13:02,677 - INFO - 'kepler_to_cartesian' was executed in 0.000186 seconds
2019-11-28 21:13:02,677 - INFO - 'kepler_to_cartesian' was executed in 0.000190 seconds
2019-11-28 21:13:02,677 - INFO - 'kepler_to_cartesian' was executed in 0.000184 seconds
2019-11-28 21:13:02,677 - INFO - 'kepler_to_cartesian' was executed in 0.000485 seconds
2019-11-28 21:13:02,677 - INFO - 'kepler_to_cartesian' was executed in 0.000491 seconds
2019-11-28 21:13:02,677 - INFO - 'kepler_to_cartesian' was executed in 0.000476 seconds
2019-11-28 21:13:02,677 - INFO - Simulation with 6 bodies. Time span = 224.70 days. Alpha = -90.00 degrees
2019-11-28 21:13:02,677 - INFO - 'kepler_to_cartesian' was executed in 0.000483 seconds
2019-11-28 21:13:02,677 - INFO - 'kepler_to_cartesian' was executed in 0.000188 seconds
2019-11-28 21:13:02,677 - INFO - Simulation with 6 bodies. Time span = 224.70 days. Alpha = 60.00 degrees
2019-11-28 21:13:02,678 - INFO - Simulation with 6 bodies. Time span = 224.70 days. Alpha = -30.00 degrees
2019-11-28 21:13:02,678 - INFO - 'kepler_to_cartesian' was executed in 0.000510 seconds
2019-11-28 21:13:02,678 - INFO - Simulation with 6 bodies. Time span = 224.70 days. Alpha = -60.00 degrees
2019-11-28 21:13:02,678 - INFO - Simulation with 6 bodies. Time span = 224.70 days. Alpha = 30.00 degrees
2019-11-28 21:13:02,678 - INFO - 'kepler_to_cartesian' was executed in 0.000482 seconds
2019-11-28 21:13:02,678 - INFO - Simulation with 6 bodies. Time span = 224.70 days. Alpha = 90.00 degrees
2019-11-28 21:13:08,930 - INFO - 'solve' was executed in 6.252653 seconds
2019-11-28 21:13:08,967 - INFO - 'write_on_file' was executed in 0.036449 seconds
2019-11-28 21:13:10,316 - INFO - 'solve' was executed in 7.638609 seconds
2019-11-28 21:13:10,353 - INFO - 'write_on_file' was executed in 0.036673 seconds
2019-11-28 21:13:11,670 - INFO - 'solve' was executed in 8.993866 seconds
2019-11-28 21:13:11,705 - INFO - 'write_on_file' was executed in 0.035056 seconds
2019-11-28 21:13:12,425 - INFO - 'solve' was executed in 9.746510 seconds
2019-11-28 21:13:12,442 - INFO - 'solve' was executed in 9.764414 seconds
2019-11-28 21:13:12,460 - INFO - 'write_on_file' was executed in 0.035419 seconds
2019-11-28 21:13:12,475 - INFO - 'write_on_file' was executed in 0.033236 seconds
2019-11-28 21:13:12,830 - INFO - 'solve' was executed in 10.152111 seconds
2019-11-28 21:13:12,857 - INFO - 'write_on_file' was executed in 0.027080 seconds
2019-11-28 21:13:12,953 - INFO - 'solve' was executed in 10.275726 seconds
2019-11-28 21:13:12,979 - INFO - 'write_on_file' was executed in 0.025140 seconds
2019-11-28 21:13:12,984 - INFO - 'run_parallel_simulation' was executed in 10.328182 seconds
2019-11-28 21:17:46,827 - INFO - Starting process
2019-11-28 21:17:46,852 - INFO - 'run_parallel_simulation' was executed in 0.024449 seconds
2019-11-28 21:19:12,849 - INFO - Starting process
2019-11-28 21:19:12,880 - INFO - 'kepler_to_cartesian' was executed in 0.000726 seconds
2019-11-28 21:19:12,880 - INFO - 'kepler_to_cartesian' was executed in 0.000704 seconds
2019-11-28 21:19:12,880 - INFO - 'kepler_to_cartesian' was executed in 0.000687 seconds
2019-11-28 21:19:12,880 - INFO - 'kepler_to_cartesian' was executed in 0.000278 seconds
2019-11-28 21:19:12,880 - INFO - 'kepler_to_cartesian' was executed in 0.000677 seconds
2019-11-28 21:19:12,880 - INFO - 'kepler_to_cartesian' was executed in 0.000626 seconds
2019-11-28 21:19:12,881 - INFO - 'kepler_to_cartesian' was executed in 0.000278 seconds
2019-11-28 21:19:12,881 - INFO - 'kepler_to_cartesian' was executed in 0.000291 seconds
2019-11-28 21:19:12,881 - INFO - 'kepler_to_cartesian' was executed in 0.000333 seconds
2019-11-28 21:19:12,881 - INFO - 'kepler_to_cartesian' was executed in 0.000270 seconds
2019-11-28 21:19:12,881 - INFO - 'kepler_to_cartesian' was executed in 0.000798 seconds
2019-11-28 21:19:12,881 - INFO - 'kepler_to_cartesian' was executed in 0.000268 seconds
2019-11-28 21:19:12,881 - INFO - 'kepler_to_cartesian' was executed in 0.000238 seconds
2019-11-28 21:19:12,881 - INFO - 'kepler_to_cartesian' was executed in 0.000280 seconds
2019-11-28 21:19:12,881 - INFO - 'kepler_to_cartesian' was executed in 0.000655 seconds
2019-11-28 21:19:12,881 - INFO - 'kepler_to_cartesian' was executed in 0.000247 seconds
2019-11-28 21:19:12,881 - INFO - 'kepler_to_cartesian' was executed in 0.000228 seconds
2019-11-28 21:19:12,881 - INFO - 'kepler_to_cartesian' was executed in 0.000265 seconds
2019-11-28 21:19:12,881 - INFO - 'kepler_to_cartesian' was executed in 0.000567 seconds
2019-11-28 21:19:12,882 - INFO - 'kepler_to_cartesian' was executed in 0.000696 seconds
2019-11-28 21:19:12,882 - INFO - 'kepler_to_cartesian' was executed in 0.000594 seconds
2019-11-28 21:19:12,882 - INFO - 'kepler_to_cartesian' was executed in 0.000555 seconds
2019-11-28 21:19:12,882 - INFO - 'kepler_to_cartesian' was executed in 0.000263 seconds
2019-11-28 21:19:12,882 - INFO - 'kepler_to_cartesian' was executed in 0.000219 seconds
2019-11-28 21:19:12,882 - INFO - 'kepler_to_cartesian' was executed in 0.000240 seconds
2019-11-28 21:19:12,882 - INFO - 'kepler_to_cartesian' was executed in 0.000230 seconds
2019-11-28 21:19:12,882 - INFO - 'kepler_to_cartesian' was executed in 0.000221 seconds
2019-11-28 21:19:12,882 - INFO - 'kepler_to_cartesian' was executed in 0.000237 seconds
2019-11-28 21:19:12,882 - INFO - 'kepler_to_cartesian' was executed in 0.000253 seconds
2019-11-28 21:19:12,882 - INFO - 'kepler_to_cartesian' was executed in 0.000404 seconds
2019-11-28 21:19:12,883 - INFO - 'kepler_to_cartesian' was executed in 0.000417 seconds
2019-11-28 21:19:12,883 - INFO - 'kepler_to_cartesian' was executed in 0.000433 seconds
2019-11-28 21:19:12,883 - INFO - 'kepler_to_cartesian' was executed in 0.000461 seconds
2019-11-28 21:19:12,884 - INFO - 'kepler_to_cartesian' was executed in 0.002199 seconds
2019-11-28 21:19:12,883 - INFO - 'kepler_to_cartesian' was executed in 0.000581 seconds
2019-11-28 21:19:12,884 - INFO - 'kepler_to_cartesian' was executed in 0.002615 seconds
2019-11-28 21:19:12,883 - INFO - 'kepler_to_cartesian' was executed in 0.000598 seconds
2019-11-28 21:19:12,885 - INFO - 'kepler_to_cartesian' was executed in 0.000296 seconds
2019-11-28 21:19:12,885 - INFO - 'kepler_to_cartesian' was executed in 0.001795 seconds
2019-11-28 21:19:12,885 - INFO - 'kepler_to_cartesian' was executed in 0.001864 seconds
2019-11-28 21:19:12,885 - INFO - 'kepler_to_cartesian' was executed in 0.002233 seconds
2019-11-28 21:19:12,885 - INFO - 'kepler_to_cartesian' was executed in 0.000339 seconds
2019-11-28 21:19:12,885 - INFO - 'kepler_to_cartesian' was executed in 0.000297 seconds
2019-11-28 21:19:12,885 - INFO - Simulation with 7 bodies. Time span = 453.07 days. Alpha = 60.00 degrees
2019-11-28 21:19:12,885 - INFO - Simulation with 7 bodies. Time span = 453.07 days. Alpha = -90.00 degrees
2019-11-28 21:19:12,885 - INFO - Simulation with 7 bodies. Time span = 453.07 days. Alpha = -60.00 degrees
2019-11-28 21:19:12,885 - INFO - 'kepler_to_cartesian' was executed in 0.000687 seconds
2019-11-28 21:19:12,885 - INFO - 'kepler_to_cartesian' was executed in 0.000244 seconds
2019-11-28 21:19:12,885 - INFO - 'kepler_to_cartesian' was executed in 0.000711 seconds
2019-11-28 21:19:12,885 - INFO - Simulation with 7 bodies. Time span = 453.07 days. Alpha = -30.00 degrees
2019-11-28 21:19:12,885 - INFO - Simulation with 7 bodies. Time span = 453.07 days. Alpha = 0.00 degrees
2019-11-28 21:19:12,885 - INFO - 'kepler_to_cartesian' was executed in 0.000242 seconds
2019-11-28 21:19:12,886 - INFO - 'kepler_to_cartesian' was executed in 0.000621 seconds
2019-11-28 21:19:12,886 - INFO - Simulation with 7 bodies. Time span = 453.07 days. Alpha = 30.00 degrees
2019-11-28 21:19:12,893 - INFO - 'kepler_to_cartesian' was executed in 0.000663 seconds
2019-11-28 21:19:12,894 - INFO - 'kepler_to_cartesian' was executed in 0.000251 seconds
2019-11-28 21:19:12,894 - INFO - 'kepler_to_cartesian' was executed in 0.000213 seconds
2019-11-28 21:19:12,894 - INFO - 'kepler_to_cartesian' was executed in 0.000551 seconds
2019-11-28 21:19:12,895 - INFO - 'kepler_to_cartesian' was executed in 0.000225 seconds
2019-11-28 21:19:12,895 - INFO - 'kepler_to_cartesian' was executed in 0.000230 seconds
2019-11-28 21:19:12,895 - INFO - 'kepler_to_cartesian' was executed in 0.000214 seconds
2019-11-28 21:19:12,896 - INFO - 'kepler_to_cartesian' was executed in 0.000532 seconds
2019-11-28 21:19:12,896 - INFO - Simulation with 7 bodies. Time span = 453.07 days. Alpha = 90.00 degrees
2019-11-28 21:19:25,372 - INFO - 'write_on_file' was executed in 0.073786 seconds
2019-11-28 21:19:30,282 - INFO - 'solve' was executed in 17.395946 seconds
2019-11-28 21:19:30,359 - INFO - 'write_on_file' was executed in 0.076708 seconds
2019-11-28 21:19:31,556 - INFO - 'solve' was executed in 18.671083 seconds
2019-11-28 21:19:31,633 - INFO - 'write_on_file' was executed in 0.077135 seconds
2019-11-28 21:19:36,819 - INFO - 'write_on_file' was executed in 0.073618 seconds
2019-11-28 21:19:36,849 - INFO - 'solve' was executed in 23.963749 seconds
2019-11-28 21:19:36,924 - INFO - 'write_on_file' was executed in 0.074796 seconds
2019-11-28 21:19:37,377 - INFO - 'solve' was executed in 24.491645 seconds
2019-11-28 21:19:37,436 - INFO - 'write_on_file' was executed in 0.058665 seconds
2019-11-28 21:19:37,481 - INFO - 'solve' was executed in 24.584763 seconds
2019-11-28 21:19:37,537 - INFO - 'write_on_file' was executed in 0.056341 seconds
2019-11-28 21:19:37,542 - INFO - 'run_parallel_simulation' was executed in 24.693572 seconds
2019-11-28 21:36:38,730 - INFO - Starting synchronous process
2019-11-28 21:36:38,733 - INFO - 'kepler_to_cartesian' was executed in 0.000360 seconds
2019-11-28 21:36:38,734 - INFO - 'kepler_to_cartesian' was executed in 0.000164 seconds
2019-11-28 21:36:38,734 - INFO - 'kepler_to_cartesian' was executed in 0.000177 seconds
2019-11-28 21:36:38,734 - INFO - 'kepler_to_cartesian' was executed in 0.000406 seconds
2019-11-28 21:36:38,734 - INFO - 'kepler_to_cartesian' was executed in 0.000132 seconds
2019-11-28 21:36:38,735 - INFO - 'kepler_to_cartesian' was executed in 0.000119 seconds
2019-11-28 21:36:38,735 - INFO - 'kepler_to_cartesian' was executed in 0.000133 seconds
2019-11-28 21:36:38,735 - INFO - 'kepler_to_cartesian' was executed in 0.000388 seconds
2019-11-28 21:36:38,735 - INFO - Simulation with 7 bodies. Time span = 453.07 days. Alpha = 60.00 degrees
2019-11-28 21:36:44,032 - INFO - 'write_on_file' was executed in 0.022902 seconds
2019-11-28 21:36:44,032 - INFO - 'run_synchronous_simulation' was executed in 5.301981 seconds
2019-11-28 21:37:46,025 - INFO - Starting synchronous process
2019-11-28 21:37:46,028 - INFO - 'kepler_to_cartesian' was executed in 0.000196 seconds
2019-11-28 21:37:46,028 - INFO - 'kepler_to_cartesian' was executed in 0.000110 seconds
2019-11-28 21:37:46,028 - INFO - 'kepler_to_cartesian' was executed in 0.000108 seconds
2019-11-28 21:37:46,028 - INFO - 'kepler_to_cartesian' was executed in 0.000271 seconds
2019-11-28 21:37:46,028 - INFO - 'kepler_to_cartesian' was executed in 0.000100 seconds
2019-11-28 21:37:46,029 - INFO - 'kepler_to_cartesian' was executed in 0.000098 seconds
2019-11-28 21:37:46,029 - INFO - 'kepler_to_cartesian' was executed in 0.000101 seconds
2019-11-28 21:37:46,029 - INFO - 'kepler_to_cartesian' was executed in 0.000250 seconds
2019-11-28 21:37:46,029 - INFO - Simulation with 7 bodies. Time span = 453.07 days. Alpha = 60.00 degrees
2019-11-28 21:37:51,195 - INFO - 'write_on_file' was executed in 0.023004 seconds
2019-11-28 21:37:51,195 - INFO - 'run_synchronous_simulation' was executed in 5.170703 seconds
2019-11-28 21:38:49,942 - INFO - Starting synchronous process
2019-11-28 21:38:57,286 - INFO - 'kepler_to_cartesian' was executed in 0.001040 seconds
2019-11-28 21:38:57,288 - INFO - 'kepler_to_cartesian' was executed in 0.000681 seconds
2019-11-28 21:38:57,289 - INFO - 'kepler_to_cartesian' was executed in 0.000472 seconds
2019-11-28 21:38:57,289 - INFO - 'kepler_to_cartesian' was executed in 0.001271 seconds
2019-11-28 21:38:57,290 - INFO - 'kepler_to_cartesian' was executed in 0.000472 seconds
2019-11-28 21:38:57,291 - INFO - 'kepler_to_cartesian' was executed in 0.000497 seconds
2019-11-28 21:38:57,292 - INFO - 'kepler_to_cartesian' was executed in 0.000468 seconds
2019-11-28 21:38:57,293 - INFO - 'kepler_to_cartesian' was executed in 0.001301 seconds
2019-11-28 21:40:04,816 - INFO - Starting synchronous process
2019-11-28 21:40:04,819 - INFO - 'kepler_to_cartesian' was executed in 0.000188 seconds
2019-11-28 21:40:04,819 - INFO - 'kepler_to_cartesian' was executed in 0.000112 seconds
2019-11-28 21:40:04,819 - INFO - 'kepler_to_cartesian' was executed in 0.000107 seconds
2019-11-28 21:40:04,819 - INFO - 'kepler_to_cartesian' was executed in 0.000360 seconds
2019-11-28 21:40:04,819 - INFO - 'kepler_to_cartesian' was executed in 0.000103 seconds
2019-11-28 21:40:04,820 - INFO - 'kepler_to_cartesian' was executed in 0.000099 seconds
2019-11-28 21:40:04,820 - INFO - 'kepler_to_cartesian' was executed in 0.000099 seconds
2019-11-28 21:40:04,820 - INFO - 'kepler_to_cartesian' was executed in 0.000250 seconds
2019-11-28 21:40:04,820 - INFO - Simulation with 7 bodies. Time span = 453.07 days. Alpha = 60.00 degrees
2019-11-28 21:40:14,800 - INFO - 'solve' was executed in 9.979913 seconds
2019-11-28 21:40:14,842 - INFO - 'write_on_file' was executed in 0.041454 seconds
2019-11-28 21:40:14,842 - INFO - 'run_synchronous_simulation' was executed in 10.025773 seconds
2019-11-28 21:40:22,160 - INFO - Starting process
2019-11-28 21:40:22,179 - INFO - 'kepler_to_cartesian' was executed in 0.000401 seconds
2019-11-28 21:40:22,179 - INFO - 'kepler_to_cartesian' was executed in 0.000140 seconds
2019-11-28 21:40:22,179 - INFO - 'kepler_to_cartesian' was executed in 0.000187 seconds
2019-11-28 21:40:22,179 - INFO - 'kepler_to_cartesian' was executed in 0.000381 seconds
2019-11-28 21:40:22,180 - INFO - 'kepler_to_cartesian' was executed in 0.000120 seconds
2019-11-28 21:40:22,180 - INFO - 'kepler_to_cartesian' was executed in 0.000159 seconds
2019-11-28 21:40:22,180 - INFO - 'kepler_to_cartesian' was executed in 0.000190 seconds
2019-11-28 21:40:22,180 - INFO - 'kepler_to_cartesian' was executed in 0.000465 seconds
2019-11-28 21:40:22,180 - INFO - Simulation with 7 bodies. Time span = 453.07 days. Alpha = 30.00 degrees
2019-11-28 21:40:22,181 - INFO - 'kepler_to_cartesian' was executed in 0.000529 seconds
2019-11-28 21:40:22,181 - INFO - 'kepler_to_cartesian' was executed in 0.000446 seconds
2019-11-28 21:40:22,181 - INFO - 'kepler_to_cartesian' was executed in 0.000505 seconds
2019-11-28 21:40:22,181 - INFO - 'kepler_to_cartesian' was executed in 0.000236 seconds
2019-11-28 21:40:22,181 - INFO - 'kepler_to_cartesian' was executed in 0.000501 seconds
2019-11-28 21:40:22,181 - INFO - 'kepler_to_cartesian' was executed in 0.000495 seconds
2019-11-28 21:40:22,181 - INFO - 'kepler_to_cartesian' was executed in 0.000223 seconds
2019-11-28 21:40:22,181 - INFO - 'kepler_to_cartesian' was executed in 0.000235 seconds
2019-11-28 21:40:22,181 - INFO - 'kepler_to_cartesian' was executed in 0.000245 seconds
2019-11-28 21:40:22,181 - INFO - 'kepler_to_cartesian' was executed in 0.000556 seconds
2019-11-28 21:40:22,182 - INFO - 'kepler_to_cartesian' was executed in 0.000233 seconds
2019-11-28 21:40:22,182 - INFO - 'kepler_to_cartesian' was executed in 0.000530 seconds
2019-11-28 21:40:22,182 - INFO - 'kepler_to_cartesian' was executed in 0.000200 seconds
2019-11-28 21:40:22,182 - INFO - 'kepler_to_cartesian' was executed in 0.000202 seconds
2019-11-28 21:40:22,182 - INFO - 'kepler_to_cartesian' was executed in 0.000225 seconds
2019-11-28 21:40:22,182 - INFO - 'kepler_to_cartesian' was executed in 0.000244 seconds
2019-11-28 21:40:22,182 - INFO - 'kepler_to_cartesian' was executed in 0.000211 seconds
2019-11-28 21:40:22,182 - INFO - 'kepler_to_cartesian' was executed in 0.000196 seconds
2019-11-28 21:40:22,182 - INFO - 'kepler_to_cartesian' was executed in 0.000486 seconds
2019-11-28 21:40:22,182 - INFO - 'kepler_to_cartesian' was executed in 0.000500 seconds
2019-11-28 21:40:22,182 - INFO - 'kepler_to_cartesian' was executed in 0.000192 seconds
2019-11-28 21:40:22,182 - INFO - 'kepler_to_cartesian' was executed in 0.000204 seconds
2019-11-28 21:40:22,182 - INFO - 'kepler_to_cartesian' was executed in 0.000188 seconds
2019-11-28 21:40:22,182 - INFO - 'kepler_to_cartesian' was executed in 0.000506 seconds
2019-11-28 21:40:22,182 - INFO - 'kepler_to_cartesian' was executed in 0.000200 seconds
2019-11-28 21:40:22,182 - INFO - 'kepler_to_cartesian' was executed in 0.000200 seconds
2019-11-28 21:40:22,182 - INFO - 'kepler_to_cartesian' was executed in 0.000481 seconds
2019-11-28 21:40:22,182 - INFO - 'kepler_to_cartesian' was executed in 0.000489 seconds
2019-11-28 21:40:22,183 - INFO - 'kepler_to_cartesian' was executed in 0.000205 seconds
2019-11-28 21:40:22,183 - INFO - 'kepler_to_cartesian' was executed in 0.000201 seconds
2019-11-28 21:40:22,183 - INFO - 'kepler_to_cartesian' was executed in 0.000200 seconds
2019-11-28 21:40:22,183 - INFO - 'kepler_to_cartesian' was executed in 0.000202 seconds
2019-11-28 21:40:22,183 - INFO - 'kepler_to_cartesian' was executed in 0.000205 seconds
2019-11-28 21:40:22,183 - INFO - 'kepler_to_cartesian' was executed in 0.000194 seconds
2019-11-28 21:40:22,183 - INFO - 'kepler_to_cartesian' was executed in 0.000201 seconds
2019-11-28 21:40:22,183 - INFO - 'kepler_to_cartesian' was executed in 0.000205 seconds
2019-11-28 21:40:22,183 - INFO - 'kepler_to_cartesian' was executed in 0.000492 seconds
2019-11-28 21:40:22,183 - INFO - 'kepler_to_cartesian' was executed in 0.000199 seconds
2019-11-28 21:40:22,183 - INFO - 'kepler_to_cartesian' was executed in 0.000204 seconds
2019-11-28 21:40:22,183 - INFO - 'kepler_to_cartesian' was executed in 0.000192 seconds
2019-11-28 21:40:22,183 - INFO - Simulation with 7 bodies. Time span = 453.07 days. Alpha = -90.00 degrees
2019-11-28 21:40:22,183 - INFO - 'kepler_to_cartesian' was executed in 0.000210 seconds
2019-11-28 21:40:22,183 - INFO - 'kepler_to_cartesian' was executed in 0.000505 seconds
2019-11-28 21:40:22,183 - INFO - 'kepler_to_cartesian' was executed in 0.000209 seconds
2019-11-28 21:40:22,183 - INFO - 'kepler_to_cartesian' was executed in 0.000503 seconds
2019-11-28 21:40:22,183 - INFO - Simulation with 7 bodies. Time span = 453.07 days. Alpha = 0.00 degrees
2019-11-28 21:40:22,183 - INFO - 'kepler_to_cartesian' was executed in 0.000201 seconds
2019-11-28 21:40:22,183 - INFO - Simulation with 7 bodies. Time span = 453.07 days. Alpha = -60.00 degrees
2019-11-28 21:40:22,183 - INFO - 'kepler_to_cartesian' was executed in 0.000504 seconds
2019-11-28 21:40:22,183 - INFO - 'kepler_to_cartesian' was executed in 0.000503 seconds
2019-11-28 21:40:22,184 - INFO - Simulation with 7 bodies. Time span = 453.07 days. Alpha = -30.00 degrees
2019-11-28 21:40:22,184 - INFO - 'kepler_to_cartesian' was executed in 0.000488 seconds
2019-11-28 21:40:22,184 - INFO - Simulation with 7 bodies. Time span = 453.07 days. Alpha = 90.00 degrees
2019-11-28 21:40:22,184 - INFO - Simulation with 7 bodies. Time span = 453.07 days. Alpha = 60.00 degrees
2019-11-28 21:40:31,108 - INFO - 'write_on_file' was executed in 0.069390 seconds
2019-11-28 21:40:43,178 - INFO - 'solve' was executed in 20.997128 seconds
2019-11-28 21:40:43,251 - INFO - 'write_on_file' was executed in 0.072882 seconds
2019-11-28 21:40:43,401 - INFO - 'solve' was executed in 21.217222 seconds
2019-11-28 21:40:43,474 - INFO - 'write_on_file' was executed in 0.073214 seconds
2019-11-28 21:40:47,754 - INFO - 'write_on_file' was executed in 0.066029 seconds
2019-11-28 21:40:48,896 - INFO - 'solve' was executed in 26.713314 seconds
2019-11-28 21:40:48,961 - INFO - 'write_on_file' was executed in 0.064382 seconds
2019-11-28 21:40:48,970 - INFO - 'solve' was executed in 26.786622 seconds
2019-11-28 21:40:49,034 - INFO - 'write_on_file' was executed in 0.064042 seconds
2019-11-28 21:40:49,212 - INFO - 'solve' was executed in 27.028464 seconds
2019-11-28 21:40:49,266 - INFO - 'write_on_file' was executed in 0.053670 seconds
2019-11-28 21:40:49,271 - INFO - 'run_parallel_simulation' was executed in 27.111408 seconds
2019-11-28 21:41:11,845 - INFO - Starting synchronous process
2019-11-28 21:41:11,848 - INFO - 'kepler_to_cartesian' was executed in 0.000187 seconds
2019-11-28 21:41:11,848 - INFO - 'kepler_to_cartesian' was executed in 0.000111 seconds
2019-11-28 21:41:11,848 - INFO - 'kepler_to_cartesian' was executed in 0.000106 seconds
2019-11-28 21:41:11,849 - INFO - 'kepler_to_cartesian' was executed in 0.000258 seconds
2019-11-28 21:41:11,849 - INFO - 'kepler_to_cartesian' was executed in 0.000102 seconds
2019-11-28 21:41:11,849 - INFO - 'kepler_to_cartesian' was executed in 0.000101 seconds
2019-11-28 21:41:11,849 - INFO - 'kepler_to_cartesian' was executed in 0.000101 seconds
2019-11-28 21:41:11,849 - INFO - 'kepler_to_cartesian' was executed in 0.000249 seconds
2019-11-28 21:41:11,849 - INFO - Simulation with 7 bodies. Time span = 453.07 days. Alpha = 60.00 degrees
2019-11-28 21:41:21,631 - INFO - 'solve' was executed in 9.781965 seconds
2019-11-28 21:41:21,673 - INFO - 'write_on_file' was executed in 0.041789 seconds
2019-11-28 21:41:21,673 - INFO - 'run_synchronous_simulation' was executed in 9.828121 seconds
2019-11-28 21:43:33,392 - INFO - Starting synchronous process
2019-11-28 21:43:33,395 - INFO - 'kepler_to_cartesian' was executed in 0.000184 seconds
2019-11-28 21:43:33,396 - INFO - 'kepler_to_cartesian' was executed in 0.000117 seconds
2019-11-28 21:43:33,396 - INFO - 'kepler_to_cartesian' was executed in 0.000111 seconds
2019-11-28 21:43:33,396 - INFO - 'kepler_to_cartesian' was executed in 0.000272 seconds
2019-11-28 21:43:33,396 - INFO - 'kepler_to_cartesian' was executed in 0.000106 seconds
2019-11-28 21:43:33,396 - INFO - 'kepler_to_cartesian' was executed in 0.000106 seconds
2019-11-28 21:43:33,396 - INFO - 'kepler_to_cartesian' was executed in 0.000103 seconds
2019-11-28 21:43:33,397 - INFO - 'kepler_to_cartesian' was executed in 0.000273 seconds
2019-11-28 21:43:33,397 - INFO - Simulation with 7 bodies. Time span = 1147.51 days. Alpha = 30.00 degrees
2019-11-28 21:43:58,867 - INFO - 'solve' was executed in 25.470391 seconds
2019-11-28 21:43:58,979 - INFO - 'write_on_file' was executed in 0.111812 seconds
2019-11-28 21:43:58,979 - INFO - 'run_synchronous_simulation' was executed in 25.586842 seconds
2019-11-28 21:44:05,102 - INFO - Starting synchronous process
2019-11-28 21:44:05,105 - INFO - 'kepler_to_cartesian' was executed in 0.000191 seconds
2019-11-28 21:44:05,105 - INFO - 'kepler_to_cartesian' was executed in 0.000117 seconds
2019-11-28 21:44:05,105 - INFO - 'kepler_to_cartesian' was executed in 0.000108 seconds
2019-11-28 21:44:05,105 - INFO - 'kepler_to_cartesian' was executed in 0.000263 seconds
2019-11-28 21:44:05,106 - INFO - 'kepler_to_cartesian' was executed in 0.000106 seconds
2019-11-28 21:44:05,106 - INFO - 'kepler_to_cartesian' was executed in 0.000104 seconds
2019-11-28 21:44:05,106 - INFO - 'kepler_to_cartesian' was executed in 0.000100 seconds
2019-11-28 21:44:05,106 - INFO - 'kepler_to_cartesian' was executed in 0.000251 seconds
2019-11-28 21:44:05,106 - INFO - Simulation with 7 bodies. Time span = 1147.51 days. Alpha = 0.00 degrees
2019-11-28 21:44:37,766 - INFO - 'solve' was executed in 32.660037 seconds
2019-11-28 21:44:37,878 - INFO - 'write_on_file' was executed in 0.111256 seconds
2019-11-28 21:44:37,878 - INFO - 'run_synchronous_simulation' was executed in 32.775758 seconds
2019-11-28 21:52:32,736 - INFO - Starting process
2019-11-28 21:52:32,757 - INFO - 'kepler_to_cartesian' was executed in 0.000620 seconds
2019-11-28 21:52:32,757 - INFO - 'kepler_to_cartesian' was executed in 0.000498 seconds
2019-11-28 21:52:32,757 - INFO - 'kepler_to_cartesian' was executed in 0.000510 seconds
2019-11-28 21:52:32,758 - INFO - 'kepler_to_cartesian' was executed in 0.000237 seconds
2019-11-28 21:52:32,758 - INFO - 'kepler_to_cartesian' was executed in 0.000518 seconds
2019-11-28 21:52:32,758 - INFO - 'kepler_to_cartesian' was executed in 0.000221 seconds
2019-11-28 21:52:32,758 - INFO - 'kepler_to_cartesian' was executed in 0.000232 seconds
2019-11-28 21:52:32,758 - INFO - 'kepler_to_cartesian' was executed in 0.000218 seconds
2019-11-28 21:52:32,758 - INFO - 'kepler_to_cartesian' was executed in 0.000205 seconds
2019-11-28 21:52:32,758 - INFO - 'kepler_to_cartesian' was executed in 0.000218 seconds
2019-11-28 21:52:32,758 - INFO - 'kepler_to_cartesian' was executed in 0.000521 seconds
2019-11-28 21:52:32,758 - INFO - 'kepler_to_cartesian' was executed in 0.000218 seconds
2019-11-28 21:52:32,758 - INFO - 'kepler_to_cartesian' was executed in 0.000520 seconds
2019-11-28 21:52:32,758 - INFO - 'kepler_to_cartesian' was executed in 0.000616 seconds
2019-11-28 21:52:32,758 - INFO - 'kepler_to_cartesian' was executed in 0.000196 seconds
2019-11-28 21:52:32,758 - INFO - 'kepler_to_cartesian' was executed in 0.000516 seconds
2019-11-28 21:52:32,758 - INFO - 'kepler_to_cartesian' was executed in 0.000236 seconds
2019-11-28 21:52:32,759 - INFO - 'kepler_to_cartesian' was executed in 0.000210 seconds
2019-11-28 21:52:32,759 - INFO - 'kepler_to_cartesian' was executed in 0.000186 seconds
2019-11-28 21:52:32,759 - INFO - 'kepler_to_cartesian' was executed in 0.000179 seconds
2019-11-28 21:52:32,759 - INFO - 'kepler_to_cartesian' was executed in 0.000197 seconds
2019-11-28 21:52:32,759 - INFO - 'kepler_to_cartesian' was executed in 0.000211 seconds
2019-11-28 21:52:32,759 - INFO - 'kepler_to_cartesian' was executed in 0.000559 seconds
2019-11-28 21:52:32,759 - INFO - 'kepler_to_cartesian' was executed in 0.000186 seconds
2019-11-28 21:52:32,759 - INFO - 'kepler_to_cartesian' was executed in 0.000190 seconds
2019-11-28 21:52:32,759 - INFO - 'kepler_to_cartesian' was executed in 0.000204 seconds
2019-11-28 21:52:32,759 - INFO - 'kepler_to_cartesian' was executed in 0.000529 seconds
2019-11-28 21:52:32,759 - INFO - 'kepler_to_cartesian' was executed in 0.000254 seconds
2019-11-28 21:52:32,759 - INFO - 'kepler_to_cartesian' was executed in 0.000699 seconds
2019-11-28 21:52:32,759 - INFO - 'kepler_to_cartesian' was executed in 0.000193 seconds
2019-11-28 21:52:32,759 - INFO - 'kepler_to_cartesian' was executed in 0.000486 seconds
2019-11-28 21:52:32,759 - INFO - 'kepler_to_cartesian' was executed in 0.000202 seconds
2019-11-28 21:52:32,759 - INFO - 'kepler_to_cartesian' was executed in 0.000208 seconds
2019-11-28 21:52:32,759 - INFO - 'kepler_to_cartesian' was executed in 0.000195 seconds
2019-11-28 21:52:32,759 - INFO - Simulation with 7 bodies. Time span = 1147.51 days. Alpha = 90.00 degrees
2019-11-28 21:52:32,760 - INFO - 'kepler_to_cartesian' was executed in 0.000472 seconds
2019-11-28 21:52:32,760 - INFO - 'kepler_to_cartesian' was executed in 0.000493 seconds
2019-11-28 21:52:32,760 - INFO - 'kepler_to_cartesian' was executed in 0.000314 seconds
2019-11-28 21:52:32,760 - INFO - Simulation with 7 bodies. Time span = 1147.51 days. Alpha = -30.00 degrees
2019-11-28 21:52:32,760 - INFO - 'kepler_to_cartesian' was executed in 0.000208 seconds
2019-11-28 21:52:32,760 - INFO - 'kepler_to_cartesian' was executed in 0.000210 seconds
2019-11-28 21:52:32,760 - INFO - Simulation with 7 bodies. Time span = 1147.51 days. Alpha = -90.00 degrees
2019-11-28 21:52:32,760 - INFO - 'kepler_to_cartesian' was executed in 0.000247 seconds
2019-11-28 21:52:32,760 - INFO - 'kepler_to_cartesian' was executed in 0.000210 seconds
2019-11-28 21:52:32,760 - INFO - 'kepler_to_cartesian' was executed in 0.000504 seconds
2019-11-28 21:52:32,760 - INFO - Simulation with 7 bodies. Time span = 1147.51 days. Alpha = 0.00 degrees
2019-11-28 21:52:32,760 - INFO - 'kepler_to_cartesian' was executed in 0.000505 seconds
2019-11-28 21:52:32,760 - INFO - 'kepler_to_cartesian' was executed in 0.000625 seconds
2019-11-28 21:52:32,760 - INFO - Simulation with 7 bodies. Time span = 1147.51 days. Alpha = 60.00 degrees
2019-11-28 21:52:32,761 - INFO - 'kepler_to_cartesian' was executed in 0.000269 seconds
2019-11-28 21:52:32,761 - INFO - 'kepler_to_cartesian' was executed in 0.000218 seconds
2019-11-28 21:52:32,761 - INFO - 'kepler_to_cartesian' was executed in 0.000214 seconds
2019-11-28 21:52:32,762 - INFO - 'kepler_to_cartesian' was executed in 0.000510 seconds
2019-11-28 21:52:32,762 - INFO - Simulation with 7 bodies. Time span = 1147.51 days. Alpha = 30.00 degrees
2019-11-28 21:52:32,764 - INFO - 'kepler_to_cartesian' was executed in 0.000558 seconds
2019-11-28 21:52:32,765 - INFO - 'kepler_to_cartesian' was executed in 0.000215 seconds
2019-11-28 21:52:32,765 - INFO - 'kepler_to_cartesian' was executed in 0.000207 seconds
2019-11-28 21:52:32,765 - INFO - 'kepler_to_cartesian' was executed in 0.000502 seconds
2019-11-28 21:52:32,766 - INFO - 'kepler_to_cartesian' was executed in 0.000208 seconds
2019-11-28 21:52:32,766 - INFO - 'kepler_to_cartesian' was executed in 0.000194 seconds
2019-11-28 21:52:32,766 - INFO - 'kepler_to_cartesian' was executed in 0.000195 seconds
2019-11-28 21:52:32,766 - INFO - 'kepler_to_cartesian' was executed in 0.000504 seconds
2019-11-28 21:52:32,767 - INFO - Simulation with 7 bodies. Time span = 1147.51 days. Alpha = -60.00 degrees
2019-11-28 21:53:11,382 - INFO - Starting process
2019-11-28 21:53:11,403 - INFO - 'kepler_to_cartesian' was executed in 0.000417 seconds
2019-11-28 21:53:11,403 - INFO - 'kepler_to_cartesian' was executed in 0.000147 seconds
2019-11-28 21:53:11,403 - INFO - 'kepler_to_cartesian' was executed in 0.000147 seconds
2019-11-28 21:53:11,403 - INFO - 'kepler_to_cartesian' was executed in 0.000350 seconds
2019-11-28 21:53:11,404 - INFO - 'kepler_to_cartesian' was executed in 0.000124 seconds
2019-11-28 21:53:11,404 - INFO - 'kepler_to_cartesian' was executed in 0.000118 seconds
2019-11-28 21:53:11,404 - INFO - 'kepler_to_cartesian' was executed in 0.000128 seconds
2019-11-28 21:53:11,404 - INFO - 'kepler_to_cartesian' was executed in 0.000308 seconds
2019-11-28 21:53:11,404 - INFO - Simulation with 7 bodies. Time span = 365.00 days. Alpha = 60.00 degrees
2019-11-28 21:53:11,405 - INFO - 'kepler_to_cartesian' was executed in 0.000554 seconds
2019-11-28 21:53:11,405 - INFO - 'kepler_to_cartesian' was executed in 0.000515 seconds
2019-11-28 21:53:11,405 - INFO - 'kepler_to_cartesian' was executed in 0.000575 seconds
2019-11-28 21:53:11,405 - INFO - 'kepler_to_cartesian' was executed in 0.000546 seconds
2019-11-28 21:53:11,405 - INFO - 'kepler_to_cartesian' was executed in 0.000563 seconds
2019-11-28 21:53:11,405 - INFO - 'kepler_to_cartesian' was executed in 0.000271 seconds
2019-11-28 21:53:11,405 - INFO - 'kepler_to_cartesian' was executed in 0.000605 seconds
2019-11-28 21:53:11,405 - INFO - 'kepler_to_cartesian' was executed in 0.000241 seconds
2019-11-28 21:53:11,405 - INFO - 'kepler_to_cartesian' was executed in 0.000252 seconds
2019-11-28 21:53:11,405 - INFO - 'kepler_to_cartesian' was executed in 0.000258 seconds
2019-11-28 21:53:11,405 - INFO - 'kepler_to_cartesian' was executed in 0.000243 seconds
2019-11-28 21:53:11,406 - INFO - 'kepler_to_cartesian' was executed in 0.000217 seconds
2019-11-28 21:53:11,406 - INFO - 'kepler_to_cartesian' was executed in 0.000197 seconds
2019-11-28 21:53:11,406 - INFO - 'kepler_to_cartesian' was executed in 0.000223 seconds
2019-11-28 21:53:11,406 - INFO - 'kepler_to_cartesian' was executed in 0.000210 seconds
2019-11-28 21:53:11,406 - INFO - 'kepler_to_cartesian' was executed in 0.000210 seconds
2019-11-28 21:53:11,406 - INFO - 'kepler_to_cartesian' was executed in 0.000211 seconds
2019-11-28 21:53:11,406 - INFO - 'kepler_to_cartesian' was executed in 0.000515 seconds
2019-11-28 21:53:11,406 - INFO - 'kepler_to_cartesian' was executed in 0.000494 seconds
2019-11-28 21:53:11,406 - INFO - 'kepler_to_cartesian' was executed in 0.000201 seconds
2019-11-28 21:53:11,406 - INFO - 'kepler_to_cartesian' was executed in 0.000530 seconds
2019-11-28 21:53:11,406 - INFO - 'kepler_to_cartesian' was executed in 0.000509 seconds
2019-11-28 21:53:11,406 - INFO - 'kepler_to_cartesian' was executed in 0.000509 seconds
2019-11-28 21:53:11,406 - INFO - 'kepler_to_cartesian' was executed in 0.000205 seconds
2019-11-28 21:53:11,406 - INFO - 'kepler_to_cartesian' was executed in 0.000205 seconds
2019-11-28 21:53:11,406 - INFO - 'kepler_to_cartesian' was executed in 0.000498 seconds
2019-11-28 21:53:11,406 - INFO - 'kepler_to_cartesian' was executed in 0.000188 seconds
2019-11-28 21:53:11,406 - INFO - 'kepler_to_cartesian' was executed in 0.000205 seconds
2019-11-28 21:53:11,406 - INFO - 'kepler_to_cartesian' was executed in 0.000205 seconds
2019-11-28 21:53:11,406 - INFO - 'kepler_to_cartesian' was executed in 0.000203 seconds
2019-11-28 21:53:11,406 - INFO - 'kepler_to_cartesian' was executed in 0.000203 seconds
2019-11-28 21:53:11,407 - INFO - 'kepler_to_cartesian' was executed in 0.000203 seconds
2019-11-28 21:53:11,407 - INFO - 'kepler_to_cartesian' was executed in 0.000203 seconds
2019-11-28 21:53:11,407 - INFO - 'kepler_to_cartesian' was executed in 0.000204 seconds
2019-11-28 21:53:11,407 - INFO - 'kepler_to_cartesian' was executed in 0.000204 seconds
2019-11-28 21:53:11,407 - INFO - 'kepler_to_cartesian' was executed in 0.000211 seconds
2019-11-28 21:53:11,407 - INFO - 'kepler_to_cartesian' was executed in 0.000224 seconds
2019-11-28 21:53:11,407 - INFO - 'kepler_to_cartesian' was executed in 0.000202 seconds
2019-11-28 21:53:11,407 - INFO - 'kepler_to_cartesian' was executed in 0.000205 seconds
2019-11-28 21:53:11,407 - INFO - 'kepler_to_cartesian' was executed in 0.000216 seconds
2019-11-28 21:53:11,407 - INFO - 'kepler_to_cartesian' was executed in 0.000216 seconds
2019-11-28 21:53:11,407 - INFO - 'kepler_to_cartesian' was executed in 0.000522 seconds
2019-11-28 21:53:11,407 - INFO - 'kepler_to_cartesian' was executed in 0.000522 seconds
2019-11-28 21:53:11,407 - INFO - 'kepler_to_cartesian' was executed in 0.000213 seconds
2019-11-28 21:53:11,407 - INFO - 'kepler_to_cartesian' was executed in 0.000527 seconds
2019-11-28 21:53:11,407 - INFO - 'kepler_to_cartesian' was executed in 0.000519 seconds
2019-11-28 21:53:11,407 - INFO - 'kepler_to_cartesian' was executed in 0.000526 seconds
2019-11-28 21:53:11,407 - INFO - Simulation with 7 bodies. Time span = 365.00 days. Alpha = 0.00 degrees
2019-11-28 21:53:11,407 - INFO - Simulation with 7 bodies. Time span = 365.00 days. Alpha = -90.00 degrees
2019-11-28 21:53:11,407 - INFO - Simulation with 7 bodies. Time span = 365.00 days. Alpha = -60.00 degrees
2019-11-28 21:53:11,407 - INFO - Simulation with 7 bodies. Time span = 365.00 days. Alpha = 30.00 degrees
2019-11-28 21:53:11,407 - INFO - Simulation with 7 bodies. Time span = 365.00 days. Alpha = -30.00 degrees
2019-11-28 21:53:11,407 - INFO - 'kepler_to_cartesian' was executed in 0.000502 seconds
2019-11-28 21:53:11,407 - INFO - Simulation with 7 bodies. Time span = 365.00 days. Alpha = 90.00 degrees
2019-11-28 21:53:20,688 - INFO - 'write_on_file' was executed in 0.051872 seconds
2019-11-28 21:53:29,355 - INFO - 'solve' was executed in 17.947928 seconds
2019-11-28 21:53:29,416 - INFO - 'write_on_file' was executed in 0.060080 seconds
2019-11-28 21:53:29,582 - INFO - 'solve' was executed in 18.177408 seconds
2019-11-28 21:53:29,640 - INFO - 'write_on_file' was executed in 0.058041 seconds
2019-11-28 21:53:32,393 - INFO - 'solve' was executed in 20.985759 seconds
2019-11-28 21:53:32,453 - INFO - 'write_on_file' was executed in 0.059700 seconds
2019-11-28 21:53:32,567 - INFO - 'solve' was executed in 21.159515 seconds
2019-11-28 21:53:32,625 - INFO - 'write_on_file' was executed in 0.057813 seconds
2019-11-28 21:53:32,933 - INFO - 'solve' was executed in 21.525469 seconds
2019-11-28 21:53:32,982 - INFO - 'write_on_file' was executed in 0.048596 seconds
2019-11-28 21:53:33,086 - INFO - 'solve' was executed in 21.678986 seconds
2019-11-28 21:53:33,130 - INFO - 'write_on_file' was executed in 0.043608 seconds
2019-11-28 21:53:33,138 - INFO - 'run_parallel_simulation' was executed in 21.756147 seconds
2019-11-28 22:01:30,118 - INFO - Starting process
2019-11-28 22:01:30,142 - INFO - 'kepler_to_cartesian' was executed in 0.000469 seconds
2019-11-28 22:01:30,142 - INFO - 'kepler_to_cartesian' was executed in 0.000158 seconds
2019-11-28 22:01:30,142 - INFO - 'kepler_to_cartesian' was executed in 0.000143 seconds
2019-11-28 22:01:30,143 - INFO - 'kepler_to_cartesian' was executed in 0.000436 seconds
2019-11-28 22:01:30,143 - INFO - 'kepler_to_cartesian' was executed in 0.000151 seconds
2019-11-28 22:01:30,143 - INFO - 'kepler_to_cartesian' was executed in 0.000129 seconds
2019-11-28 22:01:30,143 - INFO - 'kepler_to_cartesian' was executed in 0.000132 seconds
2019-11-28 22:01:30,143 - INFO - 'kepler_to_cartesian' was executed in 0.000327 seconds
2019-11-28 22:01:30,144 - INFO - Simulation with 7 bodies. Time span = 400.00 days. Alpha = 90.00 degrees
2019-11-28 22:01:30,144 - INFO - 'kepler_to_cartesian' was executed in 0.000573 seconds
2019-11-28 22:01:30,145 - INFO - 'kepler_to_cartesian' was executed in 0.000531 seconds
2019-11-28 22:01:30,145 - INFO - 'kepler_to_cartesian' was executed in 0.000528 seconds
2019-11-28 22:01:30,145 - INFO - 'kepler_to_cartesian' was executed in 0.000527 seconds
2019-11-28 22:01:30,145 - INFO - 'kepler_to_cartesian' was executed in 0.000515 seconds
2019-11-28 22:01:30,145 - INFO - 'kepler_to_cartesian' was executed in 0.000486 seconds
2019-11-28 22:01:30,145 - INFO - 'kepler_to_cartesian' was executed in 0.000246 seconds
2019-11-28 22:01:30,145 - INFO - 'kepler_to_cartesian' was executed in 0.000230 seconds
2019-11-28 22:01:30,145 - INFO - 'kepler_to_cartesian' was executed in 0.000245 seconds
2019-11-28 22:01:30,145 - INFO - 'kepler_to_cartesian' was executed in 0.000246 seconds
2019-11-28 22:01:30,145 - INFO - 'kepler_to_cartesian' was executed in 0.000246 seconds
2019-11-28 22:01:30,145 - INFO - 'kepler_to_cartesian' was executed in 0.000217 seconds
2019-11-28 22:01:30,145 - INFO - 'kepler_to_cartesian' was executed in 0.000220 seconds
2019-11-28 22:01:30,145 - INFO - 'kepler_to_cartesian' was executed in 0.000215 seconds
2019-11-28 22:01:30,145 - INFO - 'kepler_to_cartesian' was executed in 0.000230 seconds
2019-11-28 22:01:30,145 - INFO - 'kepler_to_cartesian' was executed in 0.000230 seconds
2019-11-28 22:01:30,145 - INFO - 'kepler_to_cartesian' was executed in 0.000218 seconds
2019-11-28 22:01:30,145 - INFO - 'kepler_to_cartesian' was executed in 0.000213 seconds
2019-11-28 22:01:30,145 - INFO - 'kepler_to_cartesian' was executed in 0.000525 seconds
2019-11-28 22:01:30,146 - INFO - 'kepler_to_cartesian' was executed in 0.000519 seconds
2019-11-28 22:01:30,146 - INFO - 'kepler_to_cartesian' was executed in 0.000547 seconds
2019-11-28 22:01:30,146 - INFO - 'kepler_to_cartesian' was executed in 0.000547 seconds
2019-11-28 22:01:30,146 - INFO - 'kepler_to_cartesian' was executed in 0.000526 seconds
2019-11-28 22:01:30,146 - INFO - 'kepler_to_cartesian' was executed in 0.000510 seconds
2019-11-28 22:01:30,146 - INFO - 'kepler_to_cartesian' was executed in 0.000211 seconds
2019-11-28 22:01:30,146 - INFO - 'kepler_to_cartesian' was executed in 0.000210 seconds
2019-11-28 22:01:30,146 - INFO - 'kepler_to_cartesian' was executed in 0.000221 seconds
2019-11-28 22:01:30,146 - INFO - 'kepler_to_cartesian' was executed in 0.000222 seconds
2019-11-28 22:01:30,146 - INFO - 'kepler_to_cartesian' was executed in 0.000215 seconds
2019-11-28 22:01:30,146 - INFO - 'kepler_to_cartesian' was executed in 0.000205 seconds
2019-11-28 22:01:30,146 - INFO - 'kepler_to_cartesian' was executed in 0.000206 seconds
2019-11-28 22:01:30,146 - INFO - 'kepler_to_cartesian' was executed in 0.000205 seconds
2019-11-28 22:01:30,146 - INFO - 'kepler_to_cartesian' was executed in 0.000209 seconds
2019-11-28 22:01:30,146 - INFO - 'kepler_to_cartesian' was executed in 0.000217 seconds
2019-11-28 22:01:30,146 - INFO - 'kepler_to_cartesian' was executed in 0.000217 seconds
2019-11-28 22:01:30,146 - INFO - 'kepler_to_cartesian' was executed in 0.000203 seconds
2019-11-28 22:01:30,146 - INFO - 'kepler_to_cartesian' was executed in 0.000212 seconds
2019-11-28 22:01:30,146 - INFO - 'kepler_to_cartesian' was executed in 0.000213 seconds
2019-11-28 22:01:30,147 - INFO - 'kepler_to_cartesian' was executed in 0.000228 seconds
2019-11-28 22:01:30,147 - INFO - 'kepler_to_cartesian' was executed in 0.000235 seconds
2019-11-28 22:01:30,147 - INFO - 'kepler_to_cartesian' was executed in 0.000235 seconds
2019-11-28 22:01:30,147 - INFO - 'kepler_to_cartesian' was executed in 0.000220 seconds
2019-11-28 22:01:30,147 - INFO - 'kepler_to_cartesian' was executed in 0.000528 seconds
2019-11-28 22:01:30,147 - INFO - Simulation with 7 bodies. Time span = 400.00 days. Alpha = -90.00 degrees
2019-11-28 22:01:30,147 - INFO - 'kepler_to_cartesian' was executed in 0.000520 seconds
2019-11-28 22:01:30,147 - INFO - Simulation with 7 bodies. Time span = 400.00 days. Alpha = 0.00 degrees
2019-11-28 22:01:30,147 - INFO - 'kepler_to_cartesian' was executed in 0.000524 seconds
2019-11-28 22:01:30,147 - INFO - 'kepler_to_cartesian' was executed in 0.000506 seconds
2019-11-28 22:01:30,147 - INFO - 'kepler_to_cartesian' was executed in 0.000542 seconds
2019-11-28 22:01:30,147 - INFO - 'kepler_to_cartesian' was executed in 0.000542 seconds
2019-11-28 22:01:30,147 - INFO - Simulation with 7 bodies. Time span = 400.00 days. Alpha = -60.00 degrees
2019-11-28 22:01:30,147 - INFO - Simulation with 7 bodies. Time span = 400.00 days. Alpha = -30.00 degrees
2019-11-28 22:01:30,147 - INFO - Simulation with 7 bodies. Time span = 400.00 days. Alpha = 30.00 degrees
2019-11-28 22:01:30,147 - INFO - Simulation with 7 bodies. Time span = 400.00 days. Alpha = 60.00 degrees
2019-11-28 22:01:34,293 - INFO - 'write_on_file' was executed in 0.015370 seconds
2019-11-28 22:01:38,050 - INFO - 'solve' was executed in 7.902337 seconds
2019-11-28 22:01:38,072 - INFO - 'write_on_file' was executed in 0.022023 seconds
2019-11-28 22:01:38,126 - INFO - 'solve' was executed in 7.978866 seconds
2019-11-28 22:01:38,146 - INFO - 'write_on_file' was executed in 0.020334 seconds
2019-11-28 22:01:38,527 - INFO - 'solve' was executed in 8.383044 seconds
2019-11-28 22:01:38,548 - INFO - 'write_on_file' was executed in 0.020837 seconds
2019-11-28 22:01:39,035 - INFO - 'solve' was executed in 8.888404 seconds
2019-11-28 22:01:39,057 - INFO - 'write_on_file' was executed in 0.021429 seconds
2019-11-28 22:01:39,073 - INFO - 'solve' was executed in 8.925984 seconds
2019-11-28 22:01:39,094 - INFO - 'write_on_file' was executed in 0.020561 seconds
2019-11-28 22:01:39,099 - INFO - 'solve' was executed in 8.952257 seconds
2019-11-28 22:01:39,119 - INFO - 'write_on_file' was executed in 0.019078 seconds
2019-11-28 22:01:39,123 - INFO - 'run_parallel_simulation' was executed in 9.005826 seconds
2025-08-28 19:43:02,258 - INFO - Starting synchronous process
2025-08-28 19:47:07,878 - INFO - Starting synchronous process
2025-09-03 14:59:55,553 - INFO - Starting synchronous process
2025-09-03 14:59:55,567 - INFO - Simulation with 2 bodies. Time span = 730.00 days. Alpha = 0.00 degrees
2025-09-03 15:00:00,255 - INFO - 'solve' was executed in 4.687886 seconds
2025-09-03 15:05:21,692 - INFO - Starting synchronous process
2025-09-03 15:06:27,192 - INFO - Starting synchronous process
2025-09-03 15:06:27,196 - INFO - Simulation with 2 bodies. Time span = 730.00 days. Alpha = 0.00 degrees
2025-09-03 15:06:31,819 - INFO - 'solve' was executed in 4.622363 seconds
2025-09-07 21:58:10,161 - INFO - Starting synchronous process
2025-09-07 21:58:10,175 - INFO - Simulation with 2 bodies. Time span = 3652.00 days. Alpha = 0.00 degrees
2025-09-07 21:58:34,981 - INFO - 'solve' was executed in 24.805582 seconds
2025-09-07 21:58:35,178 - INFO - 'write_on_file' was executed in 0.196499 seconds
2025-09-07 21:58:35,178 - INFO - 'run_synchronous_simulation' was executed in 25.016734 seconds
2025-09-11 19:38:38,819 - INFO - Starting synchronous process
2025-09-11 19:38:38,837 - INFO - Simulation with 2 bodies. Time span = 730.00 days. Alpha = 0.00 degrees
2025-09-11 19:38:44,155 - INFO - 'solve' was executed in 5.317492 seconds
2025-09-11 19:38:44,217 - INFO - 'write_on_file' was executed in 0.061662 seconds
2025-09-11 19:38:44,217 - INFO - 'run_synchronous_simulation' was executed in 5.398546 seconds
2025-09-12 13:49:57,255 - INFO - Starting synchronous process
2025-09-12 13:49:57,275 - INFO - Simulation with 2 bodies. Time span = 730.00 days. Alpha = 0.00 degrees
2025-09-12 13:50:03,206 - INFO - 'solve' was executed in 5.928651 seconds
2025-09-12 13:50:03,277 - INFO - 'write_on_file' was executed in 0.070062 seconds
2025-09-12 13:50:03,277 - INFO - 'run_synchronous_simulation' was executed in 6.021761 seconds
2025-09-12 13:55:45,798 - INFO - Starting synchronous process
2025-09-12 13:55:45,803 - INFO - Simulation with 2 bodies. Time span = 730.00 days. Alpha = 0.00 degrees
2025-09-12 13:55:51,386 - INFO - 'solve' was executed in 5.582589 seconds
2025-09-12 13:55:51,432 - INFO - 'write_on_file' was executed in 0.046231 seconds
2025-09-12 13:55:51,433 - INFO - 'run_synchronous_simulation' was executed in 5.634437 seconds
2025-09-12 14:19:12,323 - INFO - Starting synchronous process
2025-09-12 14:19:12,357 - INFO - Simulation with 2 bodies. Time span = 730.00 days. Alpha = 0.00 degrees
2025-09-12 14:19:23,537 - INFO - 'solve' was executed in 11.170776 seconds
2025-09-12 14:19:23,640 - INFO - 'write_on_file' was executed in 0.099743 seconds
2025-09-12 14:19:23,645 - INFO - 'run_synchronous_simulation' was executed in 11.321409 seconds
2025-09-12 14:21:21,784 - INFO - Starting synchronous process
2025-09-12 14:21:21,787 - INFO - Simulation with 2 bodies. Time span = 730.00 days. Alpha = 0.00 degrees
2025-09-12 14:21:26,509 - INFO - 'solve' was executed in 4.721527 seconds
2025-09-12 14:21:26,549 - INFO - 'write_on_file' was executed in 0.039372 seconds
2025-09-12 14:21:26,549 - INFO - 'run_synchronous_simulation' was executed in 4.765450 seconds
2025-09-12 14:22:34,611 - INFO - Starting synchronous process
2025-09-12 14:22:34,615 - INFO - Simulation with 2 bodies. Time span = 730.00 days. Alpha = 0.00 degrees
2025-09-12 14:22:39,388 - INFO - 'solve' was executed in 4.773149 seconds
2025-09-12 14:22:39,443 - INFO - 'write_on_file' was executed in 0.054839 seconds
2025-09-12 14:22:39,444 - INFO - 'run_synchronous_simulation' was executed in 4.832859 seconds
2025-09-12 14:23:32,662 - INFO - Starting synchronous process
2025-09-12 14:23:32,665 - INFO - Simulation with 2 bodies. Time span = 730.00 days. Alpha = 0.00 degrees
2025-09-12 14:23:39,180 - INFO - 'solve' was executed in 6.514663 seconds
2025-09-12 14:23:39,222 - INFO - 'write_on_file' was executed in 0.040690 seconds
2025-09-12 14:23:39,223 - INFO - 'run_synchronous_simulation' was executed in 6.561116 seconds
2025-09-12 14:24:29,741 - INFO - Starting synchronous process
2025-09-12 14:24:29,745 - INFO - Simulation with 2 bodies. Time span = 730.00 days. Alpha = 0.00 degrees
2025-09-12 14:24:34,452 - INFO - 'solve' was executed in 4.706563 seconds
2025-09-12 14:24:34,504 - INFO - 'write_on_file' was executed in 0.051265 seconds
2025-09-12 14:24:34,505 - INFO - 'run_synchronous_simulation' was executed in 4.763983 seconds
2025-09-12 14:25:17,369 - INFO - Starting synchronous process
2025-09-12 14:25:17,372 - INFO - Simulation with 2 bodies. Time span = 730.00 days. Alpha = 0.00 degrees
2025-09-12 14:25:22,377 - INFO - 'solve' was executed in 5.004790 seconds
2025-09-12 14:25:22,419 - INFO - 'write_on_file' was executed in 0.041149 seconds
2025-09-12 14:25:22,419 - INFO - 'run_synchronous_simulation' was executed in 5.050577 seconds
2025-09-12 14:44:43,886 - INFO - Starting synchronous process
2025-09-12 14:44:43,893 - INFO - Simulation with 2 bodies. Time span = 730.00 days. Alpha = 0.00 degrees
2025-09-12 14:45:15,352 - INFO - 'solve' was executed in 31.458594 seconds
2025-09-12 14:45:15,884 - INFO - 'write_on_file' was executed in 0.526806 seconds
2025-09-12 14:45:15,885 - INFO - 'run_synchronous_simulation' was executed in 31.998480 seconds
2025-09-12 14:49:20,877 - INFO - Starting synchronous process
2025-09-12 14:49:20,902 - INFO - Simulation with 2 bodies. Time span = 730.00 days. Alpha = 0.00 degrees
2025-09-12 14:49:59,215 - INFO - 'solve' was executed in 38.310660 seconds
2025-09-12 14:49:59,690 - INFO - 'write_on_file' was executed in 0.463143 seconds
2025-09-12 14:49:59,690 - INFO - 'run_synchronous_simulation' was executed in 38.813646 seconds
2025-09-18 18:33:49,156 - INFO - Starting synchronous process
2025-09-18 18:33:49,185 - INFO - Simulation with 2 bodies. Time span = 730.00 days. Alpha = 0.00 degrees
2025-09-18 18:33:54,591 - INFO - 'solve' was executed in 5.405777 seconds
2025-09-18 18:33:54,634 - INFO - 'write_on_file' was executed in 0.043342 seconds
2025-09-18 18:33:54,635 - INFO - 'run_synchronous_simulation' was executed in 5.478196 seconds
2025-09-18 18:58:35,273 - INFO - Starting synchronous process
2025-09-18 18:58:35,279 - INFO - Simulation with 2 bodies. Time span = 730.00 days. Alpha = 0.00 degrees
2025-09-18 18:58:40,968 - INFO - 'solve' was executed in 5.688121 seconds
2025-09-18 18:58:41,008 - INFO - 'write_on_file' was executed in 0.039970 seconds
2025-09-18 18:58:41,008 - INFO - 'run_synchronous_simulation' was executed in 5.734926 seconds
2025-09-18 22:09:59,095 - INFO - Starting synchronous process
2025-09-18 22:09:59,113 - INFO - Simulation with 2 bodies. Time span = 730.00 days. Alpha = 0.00 degrees
2025-09-18 22:10:05,447 - INFO - 'solve' was executed in 6.333986 seconds
2025-09-18 22:10:05,487 - INFO - 'write_on_file' was executed in 0.039713 seconds
2025-09-18 22:10:05,488 - INFO - 'run_synchronous_simulation' was executed in 6.392958 seconds
2025-09-18 22:15:51,063 - INFO - Starting synchronous process
2025-09-18 22:15:51,068 - INFO - Simulation with 2 bodies. Time span = 730.00 days. Alpha = 0.00 degrees
2025-09-18 22:15:56,547 - INFO - 'solve' was executed in 5.478574 seconds
2025-09-18 22:15:56,598 - INFO - 'write_on_file' was executed in 0.051125 seconds
2025-09-18 22:15:56,599 - INFO - 'run_synchronous_simulation' was executed in 5.536684 seconds
2025-09-18 22:21:54,279 - INFO - Starting synchronous process
2025-09-18 22:21:54,310 - INFO - Simulation with 2 bodies. Time span = 730.00 days. Alpha = 0.00 degrees
2025-09-18 22:22:15,281 - INFO - Starting synchronous process
2025-09-18 22:22:15,285 - INFO - Simulation with 2 bodies. Time span = 730.00 days. Alpha = 0.00 degrees
2025-09-18 22:22:20,545 - INFO - 'solve' was executed in 5.257326 seconds
2025-09-18 22:22:20,637 - INFO - 'write_on_file' was executed in 0.092402 seconds
2025-09-18 22:22:20,638 - INFO - 'run_synchronous_simulation' was executed in 5.356350 seconds
2025-09-19 10:06:16,557 - INFO - Starting synchronous process
2025-09-19 10:06:16,576 - INFO - Simulation with 2 bodies. Time span = 730.00 days. Alpha = 0.00 degrees
2025-09-19 10:06:21,303 - INFO - 'solve' was executed in 4.727136 seconds
2025-09-19 10:06:21,343 - INFO - 'write_on_file' was executed in 0.039031 seconds
2025-09-19 10:06:21,343 - INFO - 'run_synchronous_simulation' was executed in 4.785552 seconds
2025-09-19 10:07:48,258 - INFO - Starting synchronous process
2025-09-19 10:07:48,262 - INFO - Simulation with 2 bodies. Time span = 730.00 days. Alpha = 0.00 degrees
2025-09-19 10:07:53,334 - INFO - 'solve' was executed in 5.071460 seconds
2025-09-19 10:07:53,388 - INFO - 'write_on_file' was executed in 0.053632 seconds
2025-09-19 10:07:53,388 - INFO - 'run_synchronous_simulation' was executed in 5.129456 seconds
2025-09-19 10:15:38,587 - INFO - Starting synchronous process
2025-09-19 10:15:38,603 - INFO - Simulation with 2 bodies. Time span = 730.00 days. Alpha = 0.00 degrees
2025-09-19 14:10:02,622 - INFO - Starting synchronous process
2025-09-19 14:10:02,640 - INFO - Simulation with 2 bodies. Time span = 730.00 days. Alpha = 0.00 degrees
2025-09-19 14:10:10,140 - INFO - 'solve' was executed in 7.499974 seconds
2025-09-19 14:10:10,184 - INFO - 'write_on_file' was executed in 0.042760 seconds
2025-09-19 14:10:10,186 - INFO - 'run_synchronous_simulation' was executed in 7.563457 seconds
2025-09-19 14:12:47,052 - INFO - Starting synchronous process
2025-09-19 14:12:47,065 - INFO - Simulation with 2 bodies. Time span = 730.00 days. Alpha = 0.00 degrees
2025-09-26 10:26:23,520 - INFO - Starting synchronous process
2025-09-26 10:26:23,525 - INFO - Simulation with 2 bodies. Time span = 730.00 days. Alpha = 0.00 degrees
2025-09-26 10:26:28,562 - INFO - 'solve' was executed in 5.036828 seconds
2025-09-26 10:26:28,602 - INFO - 'write_on_file' was executed in 0.039572 seconds
2025-09-26 10:26:28,603 - INFO - 'run_synchronous_simulation' was executed in 5.082944 seconds
2025-09-26 10:26:57,168 - INFO - Starting synchronous process
2025-09-26 10:26:57,189 - INFO - Simulation with 2 bodies. Time span = 730.00 days. Alpha = 0.00 degrees
2025-09-26 14:48:22,990 - INFO - Starting synchronous process
2025-09-26 14:48:22,993 - INFO - Simulation with 2 bodies. Time span = 730.00 days. Alpha = 0.00 degrees
2025-09-26 14:59:01,096 - INFO - Starting synchronous process
2025-09-26 14:59:01,100 - INFO - Simulation with 2 bodies. Time span = 730.00 days. Alpha = 0.00 degrees
2025-09-26 14:59:08,786 - INFO - 'solve' was executed in 7.685566 seconds
2025-09-26 14:59:08,864 - INFO - 'write_on_file' was executed in 0.077150 seconds
2025-09-26 14:59:08,864 - INFO - 'run_synchronous_simulation' was executed in 7.767401 seconds
2025-09-27 14:30:22,823 - INFO - Starting synchronous process
2025-09-27 14:30:22,843 - INFO - Simulation with 2 bodies. Time span = 730.00 days. Alpha = 0.00 degrees
2025-09-27 14:30:33,918 - INFO - 'solve' was executed in 11.074132 seconds
2025-09-27 14:30:33,974 - INFO - 'write_on_file' was executed in 0.055634 seconds
2025-09-27 14:30:33,974 - INFO - 'run_synchronous_simulation' was executed in 11.150717 seconds
2025-09-27 14:58:17,683 - INFO - Starting synchronous process
2025-09-27 14:58:17,687 - INFO - Simulation with 2 bodies. Time span = 730.00 days. Alpha = 0.00 degrees
2025-09-27 14:58:24,196 - INFO - 'solve' was executed in 6.508834 seconds
2025-09-27 14:58:24,236 - INFO - 'write_on_file' was executed in 0.039682 seconds
2025-09-27 14:58:24,237 - INFO - 'run_synchronous_simulation' was executed in 6.553559 seconds
2025-09-27 15:09:17,908 - INFO - Starting synchronous process
2025-09-27 15:09:17,912 - INFO - Simulation with 2 bodies. Time span = 730.00 days. Alpha = 0.00 degrees
2025-09-27 15:09:24,317 - INFO - 'solve' was executed in 6.404089 seconds
2025-09-27 15:09:24,361 - INFO - 'write_on_file' was executed in 0.044284 seconds
2025-09-27 15:09:24,361 - INFO - 'run_synchronous_simulation' was executed in 6.453700 seconds
2025-09-27 15:29:00,433 - INFO - Starting synchronous process
2025-09-27 15:29:00,449 - INFO - Simulation with 2 bodies. Time span = 730.00 days. Alpha = 0.00 degrees
2025-09-27 15:29:08,088 - INFO - 'solve' was executed in 7.638329 seconds
2025-09-27 15:29:08,213 - INFO - 'write_on_file' was executed in 0.121046 seconds
2025-09-27 15:29:08,220 - INFO - 'run_synchronous_simulation' was executed in 7.786720 seconds
2025-09-27 16:00:28,464 - INFO - Starting synchronous process
2025-09-27 16:00:28,468 - INFO - Simulation with 2 bodies. Time span = 730.00 days. Alpha = 0.00 degrees
2025-09-27 16:00:36,728 - INFO - 'solve' was executed in 8.259944 seconds
2025-09-27 16:00:36,773 - INFO - 'write_on_file' was executed in 0.044440 seconds
2025-09-27 16:00:36,774 - INFO - 'run_synchronous_simulation' was executed in 8.310509 seconds
2025-09-27 16:01:02,669 - INFO - Starting synchronous process
2025-09-27 16:01:02,680 - INFO - Simulation with 2 bodies. Time span = 730.00 days. Alpha = 0.00 degrees
2025-09-27 16:01:09,028 - INFO - 'solve' was executed in 6.346596 seconds
2025-09-27 16:01:09,127 - INFO - 'write_on_file' was executed in 0.097292 seconds
2025-09-27 16:01:09,128 - INFO - 'run_synchronous_simulation' was executed in 6.459020 seconds
2025-09-27 19:35:13,114 - INFO - Starting synchronous process
2025-09-27 19:35:13,138 - INFO - Simulation with 2 bodies. Time span = 730.00 days. Alpha = 0.00 degrees
2025-09-27 19:35:18,193 - INFO - 'solve' was executed in 5.054334 seconds
2025-09-27 19:35:18,233 - INFO - 'write_on_file' was executed in 0.038901 seconds
2025-09-27 19:35:18,233 - INFO - 'run_synchronous_simulation' was executed in 5.118651 seconds
2025-09-27 19:36:17,731 - INFO - Starting synchronous process
2025-09-27 19:36:17,735 - INFO - Simulation with 2 bodies. Time span = 7305.00 days. Alpha = 0.00 degrees
2025-09-27 19:37:25,583 - INFO - 'solve' was executed in 67.847759 seconds
2025-09-27 19:37:26,052 - INFO - 'write_on_file' was executed in 0.468681 seconds
2025-09-27 19:37:26,053 - INFO - 'run_synchronous_simulation' was executed in 68.321825 seconds
2025-09-27 19:41:38,264 - INFO - Starting synchronous process
2025-09-27 19:41:38,268 - INFO - Simulation with 2 bodies. Time span = 730.00 days. Alpha = 0.00 degrees
2025-09-27 19:41:45,896 - INFO - 'solve' was executed in 7.626810 seconds
2025-09-27 19:41:45,939 - INFO - 'write_on_file' was executed in 0.042183 seconds
2025-09-27 19:41:45,939 - INFO - 'run_synchronous_simulation' was executed in 7.674647 seconds
2025-09-27 19:43:54,118 - INFO - Starting synchronous process
2025-09-27 19:43:54,124 - INFO - Simulation with 2 bodies. Time span = 730.00 days. Alpha = 0.00 degrees
2025-09-27 19:44:01,012 - INFO - 'solve' was executed in 6.821335 seconds
2025-09-27 19:44:01,053 - INFO - 'write_on_file' was executed in 0.040708 seconds
2025-09-27 19:44:01,053 - INFO - 'run_synchronous_simulation' was executed in 6.935043 seconds
2025-09-27 20:03:59,423 - INFO - Starting synchronous process
2025-09-27 20:03:59,429 - INFO - Simulation with 2 bodies. Time span = 730.00 days. Alpha = 0.00 degrees
2025-09-27 20:04:07,914 - INFO - 'solve' was executed in 8.482714 seconds
2025-09-27 20:04:07,971 - INFO - 'write_on_file' was executed in 0.056294 seconds
2025-09-27 20:04:07,971 - INFO - 'run_synchronous_simulation' was executed in 8.548254 seconds
2025-09-27 20:14:07,123 - INFO - Starting synchronous process
2025-09-27 20:14:07,126 - INFO - Simulation with 2 bodies. Time span = 730.00 days. Alpha = 0.00 degrees
2025-09-27 20:14:12,591 - INFO - 'solve' was executed in 5.464135 seconds
2025-09-27 20:14:12,629 - INFO - 'write_on_file' was executed in 0.038333 seconds
2025-09-27 20:14:12,630 - INFO - 'run_synchronous_simulation' was executed in 5.507138 seconds
2025-09-27 20:20:36,367 - INFO - Starting synchronous process
2025-09-27 20:20:36,371 - INFO - Simulation with 2 bodies. Time span = 730.00 days. Alpha = 0.00 degrees
2025-09-27 20:21:06,775 - INFO - Starting synchronous process
2025-09-27 20:21:06,778 - INFO - Simulation with 2 bodies. Time span = 730.00 days. Alpha = 0.00 degrees
2025-09-27 20:21:12,374 - INFO - 'solve' was executed in 5.595111 seconds
2025-09-27 20:21:12,416 - INFO - 'write_on_file' was executed in 0.041665 seconds
2025-09-27 20:21:12,416 - INFO - 'run_synchronous_simulation' was executed in 5.641357 seconds
2025-09-27 20:26:48,253 - INFO - Starting synchronous process
2025-09-27 20:26:48,257 - INFO - Simulation with 2 bodies. Time span = 730.00 days. Alpha = 0.00 degrees
2025-09-27 20:26:54,494 - INFO - 'solve' was executed in 6.236360 seconds
2025-09-27 20:26:54,550 - INFO - 'write_on_file' was executed in 0.055781 seconds
2025-09-27 20:26:54,551 - INFO - 'run_synchronous_simulation' was executed in 6.297865 seconds
2025-09-27 20:28:08,072 - INFO - Starting synchronous process
2025-09-27 20:28:08,076 - INFO - Simulation with 2 bodies. Time span = 730.00 days. Alpha = 0.00 degrees
2025-09-27 20:28:20,245 - INFO - 'solve' was executed in 12.167780 seconds
2025-09-27 20:28:20,309 - INFO - 'write_on_file' was executed in 0.063849 seconds
2025-09-27 20:28:20,310 - INFO - 'run_synchronous_simulation' was executed in 12.237665 seconds
2025-09-27 20:29:27,168 - INFO - Starting synchronous process
2025-09-27 20:29:27,172 - INFO - Simulation with 2 bodies. Time span = 730.00 days. Alpha = 0.00 degrees
2025-09-27 20:31:01,149 - INFO - Starting synchronous process
2025-09-27 20:31:01,152 - INFO - Simulation with 2 bodies. Time span = 730.00 days. Alpha = 0.00 degrees
2025-09-27 20:31:06,596 - INFO - 'solve' was executed in 5.443397 seconds
2025-09-27 20:31:06,635 - INFO - 'write_on_file' was executed in 0.038491 seconds
2025-09-27 20:31:06,635 - INFO - 'run_synchronous_simulation' was executed in 5.486531 seconds
2025-09-27 20:41:53,964 - INFO - Starting synchronous process
2025-09-27 20:41:53,968 - INFO - Simulation with 2 bodies. Time span = 730.00 days. Alpha = 0.00 degrees
2025-09-27 20:42:01,845 - INFO - 'solve' was executed in 7.875781 seconds
2025-09-27 20:42:01,928 - INFO - 'write_on_file' was executed in 0.083111 seconds
2025-09-27 20:42:01,928 - INFO - 'run_synchronous_simulation' was executed in 7.963762 seconds
2025-09-27 20:43:40,159 - INFO - Starting synchronous process
2025-09-27 20:43:40,165 - INFO - Simulation with 2 bodies. Time span = 730.00 days. Alpha = 0.00 degrees
2025-09-27 20:43:54,438 - INFO - 'solve' was executed in 14.264326 seconds
2025-09-27 20:43:54,489 - INFO - 'write_on_file' was executed in 0.050125 seconds
2025-09-27 20:43:54,489 - INFO - 'run_synchronous_simulation' was executed in 14.330208 seconds
2025-09-27 21:00:20,949 - INFO - Starting synchronous process
2025-09-27 21:00:20,958 - INFO - Simulation with 2 bodies. Time span = 730.00 days. Alpha = 0.00 degrees
2025-09-27 21:00:34,703 - INFO - 'solve' was executed in 13.741931 seconds
2025-09-27 21:00:34,803 - INFO - 'write_on_file' was executed in 0.096143 seconds
2025-09-27 21:00:34,804 - INFO - 'run_synchronous_simulation' was executed in 13.855173 seconds
2025-09-27 21:12:43,969 - INFO - Starting synchronous process
2025-09-27 21:12:43,973 - INFO - Simulation with 2 bodies. Time span = 27393.00 days. Alpha = 0.00 degrees
2025-09-27 21:23:24,230 - INFO - 'solve' was executed in 640.256155 seconds
2025-09-27 21:23:28,129 - INFO - 'write_on_file' was executed in 3.875733 seconds
2025-09-27 21:23:28,132 - INFO - 'run_synchronous_simulation' was executed in 644.162409 seconds
2025-10-03 14:12:42,337 - INFO - Starting synchronous process
2025-10-03 14:12:42,367 - INFO - Simulation with 2 bodies. Time span = 3652.00 days. Alpha = 0.00 degrees
2025-10-03 14:13:18,711 - INFO - 'solve' was executed in 36.342626 seconds
2025-10-03 14:13:18,944 - INFO - 'write_on_file' was executed in 0.231709 seconds
2025-10-03 14:13:18,944 - INFO - 'run_synchronous_simulation' was executed in 36.606991 seconds
2025-10-03 14:15:32,751 - INFO - Starting synchronous process
2025-10-03 14:15:32,755 - INFO - Simulation with 2 bodies. Time span = 3652.00 days. Alpha = 0.00 degrees
2025-10-03 14:16:11,959 - INFO - 'solve' was executed in 39.202206 seconds
2025-10-03 14:16:12,239 - INFO - 'write_on_file' was executed in 0.279589 seconds
2025-10-03 14:16:12,239 - INFO - 'run_synchronous_simulation' was executed in 39.488076 seconds
2025-10-03 14:21:05,312 - INFO - Starting synchronous process
2025-10-03 14:21:05,316 - INFO - Simulation with 2 bodies. Time span = 3652.00 days. Alpha = 0.00 degrees
2025-10-03 14:21:47,201 - INFO - 'solve' was executed in 41.883086 seconds
2025-10-03 14:21:47,502 - INFO - 'write_on_file' was executed in 0.300920 seconds
2025-10-03 14:21:47,503 - INFO - 'run_synchronous_simulation' was executed in 42.191435 seconds
2025-10-03 14:26:07,153 - INFO - Starting synchronous process
2025-10-03 14:26:07,168 - INFO - Simulation with 2 bodies. Time span = 3652.00 days. Alpha = 0.00 degrees
2025-10-03 14:26:55,712 - INFO - 'solve' was executed in 48.537561 seconds
2025-10-03 14:26:55,957 - INFO - 'write_on_file' was executed in 0.244312 seconds
2025-10-03 14:26:55,957 - INFO - 'run_synchronous_simulation' was executed in 48.804152 seconds
2025-10-15 16:45:47,759 - INFO - Starting synchronous process
2025-10-15 16:45:47,786 - INFO - Simulation with 2 bodies. Time span = 3652.00 days. Alpha = 0.00 degrees
2025-10-15 16:46:16,714 - INFO - 'solve' was executed in 28.914018 seconds
2025-10-15 16:46:16,925 - INFO - 'write_on_file' was executed in 0.211068 seconds
2025-10-15 16:46:16,925 - INFO - 'run_synchronous_simulation' was executed in 29.166390 seconds
2025-10-15 16:48:56,356 - INFO - Starting synchronous process
2025-10-15 16:48:56,360 - INFO - Simulation with 2 bodies. Time span = 3652.00 days. Alpha = 0.00 degrees
2025-10-15 16:49:25,460 - INFO - 'solve' was executed in 29.099339 seconds
2025-10-15 16:49:25,745 - INFO - 'write_on_file' was executed in 0.284969 seconds
2025-10-15 16:49:25,746 - INFO - 'run_synchronous_simulation' was executed in 29.389568 seconds
2025-10-15 16:57:00,901 - INFO - Starting synchronous process
2025-10-15 16:57:00,919 - INFO - Simulation with 2 bodies. Time span = 3652.00 days. Alpha = 0.00 degrees
2025-10-15 16:58:07,501 - INFO - 'solve' was executed in 66.580819 seconds
2025-10-15 16:58:08,838 - INFO - 'write_on_file' was executed in 1.332358 seconds
2025-10-15 16:58:08,839 - INFO - 'run_synchronous_simulation' was executed in 67.938024 seconds
2025-10-15 18:07:11,658 - INFO - Starting synchronous process
2025-10-15 18:07:11,671 - INFO - Simulation with 2 bodies. Time span = 3652.00 days. Alpha = 0.00 degrees
2025-10-15 18:07:40,752 - INFO - 'solve' was executed in 29.080370 seconds
2025-10-15 18:07:41,050 - INFO - 'write_on_file' was executed in 0.297195 seconds
2025-10-15 18:07:41,050 - INFO - 'run_synchronous_simulation' was executed in 29.392344 seconds
2025-10-15 18:21:09,858 - INFO - Starting synchronous process
2025-10-15 18:21:09,862 - INFO - Simulation with 2 bodies. Time span = 3652.00 days. Alpha = 0.00 degrees
2025-10-15 18:21:38,610 - INFO - 'solve' was executed in 28.746794 seconds
2025-10-15 18:21:38,940 - INFO - 'write_on_file' was executed in 0.329576 seconds
2025-10-15 18:21:38,941 - INFO - 'run_synchronous_simulation' was executed in 29.082283 seconds
2025-10-15 19:02:13,370 - INFO - Starting synchronous process
2025-10-15 19:02:13,374 - INFO - Simulation with 2 bodies. Time span = 3652.00 days. Alpha = 0.00 degrees
2025-10-15 19:02:44,325 - INFO - 'solve' was executed in 30.949048 seconds
2025-10-15 19:02:44,661 - INFO - 'write_on_file' was executed in 0.335497 seconds
2025-10-15 19:02:44,661 - INFO - 'run_synchronous_simulation' was executed in 31.291575 seconds
2025-10-15 19:16:13,113 - INFO - Starting synchronous process
2025-10-15 19:16:13,134 - INFO - Simulation with 2 bodies. Time span = 3652.00 days. Alpha = 0.00 degrees
2025-10-15 19:17:00,881 - INFO - 'solve' was executed in 47.744750 seconds
2025-10-15 19:17:01,322 - INFO - 'write_on_file' was executed in 0.439931 seconds
2025-10-15 19:17:01,322 - INFO - 'run_synchronous_simulation' was executed in 48.208692 seconds
2025-10-15 19:22:10,648 - INFO - Starting synchronous process
2025-10-15 19:22:10,653 - INFO - Simulation with 2 bodies. Time span = 3652.00 days. Alpha = 0.00 degrees
2025-10-15 19:22:43,687 - INFO - 'solve' was executed in 33.033413 seconds
2025-10-15 19:22:43,997 - INFO - 'write_on_file' was executed in 0.309308 seconds
2025-10-15 19:22:43,998 - INFO - 'run_synchronous_simulation' was executed in 33.349115 seconds
2025-10-15 19:31:49,474 - INFO - Starting synchronous process
2025-10-15 19:31:49,486 - INFO - Simulation with 2 bodies. Time span = 3652.00 days. Alpha = 0.00 degrees
2025-10-15 19:32:21,494 - INFO - 'solve' was executed in 32.005755 seconds
2025-10-15 19:32:21,862 - INFO - 'write_on_file' was executed in 0.367106 seconds
2025-10-15 19:32:21,862 - INFO - 'run_synchronous_simulation' was executed in 32.387863 seconds
2025-10-15 19:36:26,498 - INFO - Starting synchronous process
2025-10-15 19:36:26,502 - INFO - Simulation with 2 bodies. Time span = 3652.00 days. Alpha = 0.00 degrees
2025-10-15 19:36:59,145 - INFO - 'solve' was executed in 32.641873 seconds
2025-10-15 19:36:59,617 - INFO - 'write_on_file' was executed in 0.472074 seconds
2025-10-15 19:36:59,619 - INFO - 'run_synchronous_simulation' was executed in 33.120527 seconds
2025-10-15 19:40:56,592 - INFO - Starting synchronous process
2025-10-15 19:40:56,596 - INFO - Simulation with 2 bodies. Time span = 3652.00 days. Alpha = 0.00 degrees
2025-10-15 19:41:26,461 - INFO - 'solve' was executed in 29.864619 seconds
2025-10-15 19:41:26,733 - INFO - 'write_on_file' was executed in 0.270773 seconds
2025-10-15 19:41:26,734 - INFO - 'run_synchronous_simulation' was executed in 30.142054 seconds
2025-10-15 19:59:26,835 - INFO - Starting synchronous process
2025-10-15 19:59:26,839 - INFO - Simulation with 2 bodies. Time span = 3652.00 days. Alpha = 0.00 degrees
2025-10-15 19:59:59,326 - INFO - 'solve' was executed in 32.485696 seconds
2025-10-15 19:59:59,642 - INFO - 'write_on_file' was executed in 0.316444 seconds
2025-10-15 19:59:59,643 - INFO - 'run_synchronous_simulation' was executed in 32.807746 seconds
2025-10-15 20:03:38,122 - INFO - Starting synchronous process
2025-10-15 20:03:38,126 - INFO - Simulation with 2 bodies. Time span = 3652.00 days. Alpha = 0.00 degrees
2025-10-15 20:04:19,126 - INFO - 'solve' was executed in 40.998719 seconds
2025-10-15 20:04:19,360 - INFO - 'write_on_file' was executed in 0.233863 seconds
2025-10-15 20:04:19,361 - INFO - 'run_synchronous_simulation' was executed in 41.238766 seconds
2025-10-15 20:12:55,016 - INFO - Starting synchronous process
2025-10-15 20:12:55,022 - INFO - Simulation with 2 bodies. Time span = 3652.00 days. Alpha = 0.00 degrees
2025-10-15 20:13:24,346 - INFO - 'solve' was executed in 29.322796 seconds
2025-10-15 20:13:24,615 - INFO - 'write_on_file' was executed in 0.269006 seconds
2025-10-15 20:13:24,616 - INFO - 'run_synchronous_simulation' was executed in 29.600119 seconds
2025-10-15 20:15:26,865 - INFO - Starting synchronous process
2025-10-15 20:15:26,871 - INFO - Simulation with 2 bodies. Time span = 3652.00 days. Alpha = 0.00 degrees
2025-10-15 20:16:12,191 - INFO - 'solve' was executed in 45.318048 seconds
2025-10-15 20:16:12,474 - INFO - 'write_on_file' was executed in 0.282844 seconds
2025-10-15 20:16:12,477 - INFO - 'run_synchronous_simulation' was executed in 45.611733 seconds
2025-10-15 20:18:49,964 - INFO - Starting synchronous process
2025-10-15 20:18:49,968 - INFO - Simulation with 2 bodies. Time span = 3652.00 days. Alpha = 0.00 degrees
2025-10-15 20:19:20,928 - INFO - 'solve' was executed in 30.958542 seconds
2025-10-15 20:19:21,255 - INFO - 'write_on_file' was executed in 0.326413 seconds
2025-10-15 20:19:21,255 - INFO - 'run_synchronous_simulation' was executed in 31.290861 seconds
2025-10-15 20:27:13,003 - INFO - Starting synchronous process
2025-10-15 20:27:13,007 - INFO - Simulation with 2 bodies. Time span = 3652.00 days. Alpha = 0.00 degrees
2025-10-15 20:27:42,901 - INFO - 'solve' was executed in 29.892623 seconds
2025-10-15 20:27:43,225 - INFO - 'write_on_file' was executed in 0.324098 seconds
2025-10-15 20:27:43,226 - INFO - 'run_synchronous_simulation' was executed in 30.222900 seconds
2025-10-15 20:33:33,416 - INFO - Starting synchronous process
2025-10-15 20:33:33,419 - INFO - Simulation with 2 bodies. Time span = 3652.00 days. Alpha = 0.00 degrees
2025-10-15 20:34:11,401 - INFO - 'solve' was executed in 37.981158 seconds
2025-10-15 20:34:11,597 - INFO - 'write_on_file' was executed in 0.195440 seconds
2025-10-15 20:34:11,597 - INFO - 'run_synchronous_simulation' was executed in 38.181736 seconds
2025-10-15 20:40:05,645 - INFO - Starting synchronous process
2025-10-15 20:40:05,649 - INFO - Simulation with 2 bodies. Time span = 3652.00 days. Alpha = 0.00 degrees
2025-10-15 20:40:55,229 - INFO - 'solve' was executed in 49.577944 seconds
2025-10-15 20:40:55,752 - INFO - 'write_on_file' was executed in 0.522708 seconds
2025-10-15 20:40:55,752 - INFO - 'run_synchronous_simulation' was executed in 50.107122 seconds
2025-10-15 20:43:51,816 - INFO - Starting synchronous process
2025-10-15 20:43:51,822 - INFO - Simulation with 2 bodies. Time span = 1826.00 days. Alpha = 0.00 degrees
2025-10-15 20:44:18,023 - INFO - 'solve' was executed in 26.199354 seconds
2025-10-15 20:44:18,877 - INFO - 'write_on_file' was executed in 0.848817 seconds
2025-10-15 20:44:18,881 - INFO - 'run_synchronous_simulation' was executed in 27.064911 seconds
2025-10-15 20:54:57,066 - INFO - Starting synchronous process
2025-10-15 20:54:57,070 - INFO - Simulation with 2 bodies. Time span = 1826.00 days. Alpha = 0.00 degrees
2025-10-15 20:55:23,064 - INFO - 'solve' was executed in 25.993373 seconds
2025-10-15 20:55:23,276 - INFO - 'write_on_file' was executed in 0.208380 seconds
2025-10-15 20:55:23,277 - INFO - 'run_synchronous_simulation' was executed in 26.211229 seconds
2025-10-15 21:01:45,270 - INFO - Starting synchronous process
2025-10-15 21:01:45,274 - INFO - Simulation with 2 bodies. Time span = 1826.00 days. Alpha = 0.00 degrees
2025-10-15 21:02:06,431 - INFO - 'solve' was executed in 21.155889 seconds
2025-10-15 21:02:06,653 - INFO - 'write_on_file' was executed in 0.221837 seconds
2025-10-15 21:02:06,654 - INFO - 'run_synchronous_simulation' was executed in 21.384510 seconds
2025-10-15 21:03:50,791 - INFO - Starting synchronous process
2025-10-15 21:03:50,794 - INFO - Simulation with 2 bodies. Time span = 1826.00 days. Alpha = 0.00 degrees
2025-10-15 21:04:07,249 - INFO - 'solve' was executed in 16.454026 seconds
2025-10-15 21:04:07,525 - INFO - 'write_on_file' was executed in 0.276044 seconds
2025-10-15 21:04:07,526 - INFO - 'run_synchronous_simulation' was executed in 16.735604 seconds
2025-10-15 21:05:39,251 - INFO - Starting synchronous process
2025-10-15 21:05:39,257 - INFO - Simulation with 2 bodies. Time span = 1826.00 days. Alpha = 0.00 degrees
2025-10-15 21:06:10,507 - INFO - 'solve' was executed in 31.248618 seconds
2025-10-15 21:06:10,751 - INFO - 'write_on_file' was executed in 0.244139 seconds
2025-10-15 21:06:10,752 - INFO - 'run_synchronous_simulation' was executed in 31.501321 seconds
2025-10-15 21:07:50,773 - INFO - Starting synchronous process
2025-10-15 21:07:50,779 - INFO - Simulation with 2 bodies. Time span = 1826.00 days. Alpha = 0.00 degrees
2025-10-15 21:08:08,595 - INFO - 'solve' was executed in 17.813960 seconds
2025-10-15 21:08:08,748 - INFO - 'write_on_file' was executed in 0.153211 seconds
2025-10-15 21:08:08,749 - INFO - 'run_synchronous_simulation' was executed in 17.976394 seconds
2025-10-15 21:10:26,807 - INFO - Starting synchronous process
2025-10-15 21:10:26,821 - INFO - Simulation with 2 bodies. Time span = 1826.00 days. Alpha = 0.00 degrees
2025-10-15 21:10:46,916 - INFO - 'solve' was executed in 20.094121 seconds
2025-10-15 21:10:47,096 - INFO - 'write_on_file' was executed in 0.179652 seconds
2025-10-15 21:10:47,097 - INFO - 'run_synchronous_simulation' was executed in 20.290044 seconds
2025-10-15 21:12:18,893 - INFO - Starting synchronous process
2025-10-15 21:12:18,897 - INFO - Simulation with 2 bodies. Time span = 1826.00 days. Alpha = 0.00 degrees
2025-10-15 21:12:36,456 - INFO - 'solve' was executed in 17.558313 seconds
2025-10-15 21:12:36,886 - INFO - 'write_on_file' was executed in 0.429470 seconds
2025-10-15 21:12:36,889 - INFO - 'run_synchronous_simulation' was executed in 17.995201 seconds
